#
# A fatal error has been detected by the Java Runtime Environment:
#
#  SIGBUS (0x7) at pc=0x00007fe6e4a7ba32, pid=10782, tid=140628548376320
#
# JRE version: Java(TM) SE Runtime Environment (8.0_72-b15) (build 1.8.0_72-b15)
# Java VM: Java HotSpot(TM) 64-Bit Server VM (25.72-b15 mixed mode linux-amd64 compressed oops)
# Problematic frame:
# C  [libzip.so+0x11a32]  newEntry+0x62
#
# Failed to write core dump. Core dumps have been disabled. To enable core dumping, try "ulimit -c unlimited" before starting Java again
#
# If you would like to submit a bug report, please visit:
#   http://bugreport.java.com/bugreport/crash.jsp
# The crash happened outside the Java Virtual Machine in native code.
# See problematic frame for where to report the bug.
#

---------------  T H R E A D  ---------------

Current thread (0x00007fe61c019800):  JavaThread "nioEventLoopGroup-0-7" daemon [_thread_in_native, id=11283, stack(0x00007fe6a29bd000,0x00007fe6a2abe000)]

siginfo: si_signo: 7 (SIGBUS), si_code: 2 (BUS_ADRERR), si_addr: 0x00007fe6a2e3bdd5

Registers:
RAX=0x00007fe66c006040, RBX=0x00007fe6e02456d0, RCX=0x00007fe66c000020, RDX=0x00007fe66c006040
RSP=0x00007fe6a2ab9cc0, RBP=0x00007fe6a2ab9d10, RSI=0x00007fe66c000038, RDI=0x0000000000000000
R8 =0x0000000000000003, R9 =0x00007fe6a2ab9d90, R10=0x00007fe6d1186818, R11=0x00007fe6e6f71a30
R12=0x00007fe6a2e3bdb8, R13=0x00007fe66c006040, R14=0x000000005582cf2a, R15=0x00007fe6e024e160
RIP=0x00007fe6e4a7ba32, EFLAGS=0x0000000000010206, CSGSFS=0x0000000000000033, ERR=0x0000000000000004
  TRAPNO=0x000000000000000e

Top of Stack: (sp=0x00007fe6a2ab9cc0)
0x00007fe6a2ab9cc0:   00007fe61c007020 00007fe600000000
0x00007fe6a2ab9cd0:   00000007c00007a8 00007fe6e66e175e
0x00007fe6a2ab9ce0:   00007fe66c006040 00007fe6e02456d0
0x00007fe6a2ab9cf0:   00007fe61c0092d0 00007fe6e024e160
0x00007fe6a2ab9d00:   000000005582cf2a 0000000000000037
0x00007fe6a2ab9d10:   00007fe6a2ab9d70 00007fe6e4a7c18f
0x00007fe6a2ab9d20:   00007fe61c019800 01007fe6a0a6e8d8
0x00007fe6a2ab9d30:   00007fe6a2ab9d90 00007fe6a2ab9dc8
0x00007fe6a2ab9d40:   00007fe6a2ab9dc6 00007fe6a2ab9d90
0x00007fe6a2ab9d50:   0000000000000037 00007fe61c0199f8
0x00007fe6a2ab9d60:   00007fe6a2aba1e8 0000000000000001
0x00007fe6a2ab9d70:   00007fe6a2aba1d0 00007fe6e4a6dec0
0x00007fe6a2ab9d80:   00007fe6cf0eef60 00007fe6e024e160
0x00007fe6a2ab9d90:   797474656e2f6f69 6c656e6e6168632f
0x00007fe6a2ab9da0:   636172747362412f 6c656e6e61684374
0x00007fe6a2ab9db0:   6361727473624124 24656661736e5574
0x00007fe6a2ab9dc0:   007373616c632e37 00007fe6e6e65749
0x00007fe6a2ab9dd0:   00007fe6a2aba3f0 00007fe6a2aba3e0
0x00007fe6a2ab9de0:   00007fe6e6e38029 00007fe6e69253ea
0x00007fe6a2ab9df0:   00007fe6e69253e8 00007fe6e6e344ea
0x00007fe6a2ab9e00:   00007fe61c019800 00000007c004f708
0x00007fe6a2ab9e10:   00007fe6a2ab9f90 00007fe6e65fb450
0x00007fe6a2ab9e20:   0000000000000001 00000007c004f708
0x00007fe6a2ab9e30:   00007fe6a2ab9f60 00007fe6a2abb4c0
0x00007fe6a2ab9e40:   00007fe6a0be3268 00007fe6a2ab9f10
0x00007fe6a2ab9e50:   00007fe600000000 00007fe61c019800
0x00007fe6a2ab9e60:   00000000a2ab9f70 00007fe600000000
0x00007fe6a2ab9e70:   0000000000000000 01007fe600000000
0x00007fe6a2ab9e80:   01000007a030e060 0000000000000000
0x00007fe6a2ab9e90:   0000000000000000 00007fe600000000
0x00007fe6a2ab9ea0:   000000000000003f 00007fe600000000
0x00007fe6a2ab9eb0:   0000000000000000 00007fe6e6e65749 

Instructions: (pc=0x00007fe6e4a7ba32)
0x00007fe6e4a7ba12:   00 48 c7 40 28 00 00 00 00 41 80 7f 30 00 0f 84
0x00007fe6e4a7ba22:   8a 02 00 00 4c 8b 63 08 4d 2b 67 28 4d 03 67 18
0x00007fe6e4a7ba32:   41 0f b6 5c 24 1d 41 0f b6 44 24 1c c1 e3 08 09
0x00007fe6e4a7ba42:   c3 41 0f b6 44 24 1e 88 45 bd 41 0f b6 54 24 20 

Register to memory mapping:

RAX=0x00007fe66c006040 is an unknown value
RBX=0x00007fe6e02456d0 is an unknown value
RCX=0x00007fe66c000020 is an unknown value
RDX=0x00007fe66c006040 is an unknown value
RSP=0x00007fe6a2ab9cc0 is pointing into the stack for thread: 0x00007fe61c019800
RBP=0x00007fe6a2ab9d10 is pointing into the stack for thread: 0x00007fe61c019800
RSI=0x00007fe66c000038 is an unknown value
RDI=0x0000000000000000 is an unknown value
R8 =0x0000000000000003 is an unknown value
R9 =0x00007fe6a2ab9d90 is pointing into the stack for thread: 0x00007fe61c019800
R10=0x00007fe6d1186818 is at entry_point+88 in (nmethod*)0x00007fe6d1186650
R11=0x00007fe6e6f71a30: <offset 0x187a30> in /lib/x86_64-linux-gnu/libc.so.6 at 0x00007fe6e6dea000
R12=0x00007fe6a2e3bdb8 is an unknown value
R13=0x00007fe66c006040 is an unknown value
R14=0x000000005582cf2a is an unknown value
R15=0x00007fe6e024e160 is an unknown value


Stack: [0x00007fe6a29bd000,0x00007fe6a2abe000],  sp=0x00007fe6a2ab9cc0,  free space=1011k
Native frames: (J=compiled Java code, j=interpreted, Vv=VM code, C=native code)
C  [libzip.so+0x11a32]  newEntry+0x62
C  [libzip.so+0x1218f]  ZIP_GetEntry2+0xff
C  [libzip.so+0x3ec0]  Java_java_util_zip_ZipFile_getEntry+0xf0
J 229  java.util.zip.ZipFile.getEntry(J[BZ)J (0 bytes) @ 0x00007fe6d118688e [0x00007fe6d11867c0+0xce]
J 248 C1 java.util.zip.ZipFile.getEntry(Ljava/lang/String;)Ljava/util/zip/ZipEntry; (86 bytes) @ 0x00007fe6d119200c [0x00007fe6d1191da0+0x26c]
J 247 C1 java.util.jar.JarFile.getEntry(Ljava/lang/String;)Ljava/util/zip/ZipEntry; (22 bytes) @ 0x00007fe6d11928e4 [0x00007fe6d1192860+0x84]
J 358 C2 sun.misc.URLClassPath$JarLoader.getResource(Ljava/lang/String;Z)Lsun/misc/Resource; (85 bytes) @ 0x00007fe6d11fc72c [0x00007fe6d11fc520+0x20c]
J 123 C1 sun.misc.URLClassPath.getResource(Ljava/lang/String;Z)Lsun/misc/Resource; (83 bytes) @ 0x00007fe6d1145e6c [0x00007fe6d1145d00+0x16c]
J 239 C1 java.net.URLClassLoader$1.run()Ljava/lang/Class; (63 bytes) @ 0x00007fe6d1189cec [0x00007fe6d1189ae0+0x20c]
J 197 C1 java.net.URLClassLoader$1.run()Ljava/lang/Object; (5 bytes) @ 0x00007fe6d116f1cc [0x00007fe6d116f140+0x8c]
v  ~StubRoutines::call_stub
V  [libjvm.so+0x68c616]  JavaCalls::call_helper(JavaValue*, methodHandle*, JavaCallArguments*, Thread*)+0x1056
V  [libjvm.so+0x7252dc]  JVM_DoPrivileged+0x27c
J 196  java.security.AccessController.doPrivileged(Ljava/security/PrivilegedExceptionAction;Ljava/security/AccessControlContext;)Ljava/lang/Object; (0 bytes) @ 0x00007fe6d116ced5 [0x00007fe6d116ce00+0xd5]
J 154 C1 java.net.URLClassLoader.findClass(Ljava/lang/String;)Ljava/lang/Class; (47 bytes) @ 0x00007fe6d1156514 [0x00007fe6d1156380+0x194]
J 95 C1 java.lang.ClassLoader.loadClass(Ljava/lang/String;Z)Ljava/lang/Class; (122 bytes) @ 0x00007fe6d1134324 [0x00007fe6d11339c0+0x964]
J 241 C1 sun.misc.Launcher$AppClassLoader.loadClass(Ljava/lang/String;Z)Ljava/lang/Class; (85 bytes) @ 0x00007fe6d118fc64 [0x00007fe6d118f2c0+0x9a4]
J 166 C1 java.lang.ClassLoader.loadClass(Ljava/lang/String;)Ljava/lang/Class; (7 bytes) @ 0x00007fe6d115bbc4 [0x00007fe6d115bac0+0x104]
v  ~StubRoutines::call_stub
V  [libjvm.so+0x68c616]  JavaCalls::call_helper(JavaValue*, methodHandle*, JavaCallArguments*, Thread*)+0x1056
V  [libjvm.so+0x68cb21]  JavaCalls::call_virtual(JavaValue*, KlassHandle, Symbol*, Symbol*, JavaCallArguments*, Thread*)+0x321
V  [libjvm.so+0x68cf76]  JavaCalls::call_virtual(JavaValue*, Handle, KlassHandle, Symbol*, Symbol*, Handle, Thread*)+0x56
V  [libjvm.so+0xa31a30]  SystemDictionary::load_instance_class(Symbol*, Handle, Thread*)+0x3f0
V  [libjvm.so+0xa3091c]  SystemDictionary::resolve_instance_class_or_null(Symbol*, Handle, Handle, Thread*)+0x7cc
V  [libjvm.so+0xa31e53]  SystemDictionary::resolve_or_fail(Symbol*, Handle, Handle, bool, Thread*)+0x33
V  [libjvm.so+0x4f0ce8]  ConstantPool::klass_at_impl(constantPoolHandle, int, Thread*)+0x158
V  [libjvm.so+0x680ad1]  InterpreterRuntime::_new(JavaThread*, ConstantPool*, int)+0x71
j  io.netty.channel.AbstractChannel$AbstractUnsafe.closeAndDeregister(Lio/netty/channel/ChannelOutboundBuffer;ZLio/netty/channel/ChannelPromise;Ljava/lang/Throwable;)V+29
j  io.netty.channel.AbstractChannel$AbstractUnsafe.close(Lio/netty/channel/ChannelPromise;)V+153
j  io.netty.channel.nio.AbstractNioByteChannel$NioByteUnsafe.closeOnRead(Lio/netty/channel/ChannelPipeline;)V+86
J 1910 C1 io.netty.channel.nio.AbstractNioByteChannel$NioByteUnsafe.read()V (340 bytes) @ 0x00007fe6d15d1064 [0x00007fe6d15cee20+0x2244]
J 1953 C1 io.netty.channel.nio.NioEventLoop.processSelectedKey(Ljava/nio/channels/SelectionKey;Lio/netty/channel/nio/AbstractNioChannel;)V (120 bytes) @ 0x00007fe6d15eda6c [0x00007fe6d15ed580+0x4ec]
J 1351 C1 io.netty.channel.nio.NioEventLoop.processSelectedKeysOptimized([Ljava/nio/channels/SelectionKey;)V (103 bytes) @ 0x00007fe6d11199d4 [0x00007fe6d1119500+0x4d4]
J 1342 C1 io.netty.channel.nio.NioEventLoop.run()V (164 bytes) @ 0x00007fe6d1411a74 [0x00007fe6d1410e20+0xc54]
J 1236 C1 io.netty.util.concurrent.SingleThreadEventExecutor$2.run()V (67 bytes) @ 0x00007fe6d13d109c [0x00007fe6d13d0c80+0x41c]
J 1235 C1 io.netty.util.internal.chmv8.ForkJoinTask$RunnableExecuteAction.exec()Z (11 bytes) @ 0x00007fe6d13d08cc [0x00007fe6d13d07c0+0x10c]
J 1248 C1 io.netty.util.internal.chmv8.ForkJoinTask.doExec()I (37 bytes) @ 0x00007fe6d13d854c [0x00007fe6d13d8400+0x14c]
J 1658 C2 io.netty.util.internal.chmv8.ForkJoinPool.scan(Lio/netty/util/internal/chmv8/ForkJoinPool$WorkQueue;I)I (317 bytes) @ 0x00007fe6d14baea4 [0x00007fe6d14bad00+0x1a4]
j  io.netty.util.internal.chmv8.ForkJoinPool.runWorker(Lio/netty/util/internal/chmv8/ForkJoinPool$WorkQueue;)V+13
j  io.netty.util.internal.chmv8.ForkJoinWorkerThread.run()V+14
v  ~StubRoutines::call_stub
V  [libjvm.so+0x68c616]  JavaCalls::call_helper(JavaValue*, methodHandle*, JavaCallArguments*, Thread*)+0x1056
V  [libjvm.so+0x68cb21]  JavaCalls::call_virtual(JavaValue*, KlassHandle, Symbol*, Symbol*, JavaCallArguments*, Thread*)+0x321
V  [libjvm.so+0x68cfc7]  JavaCalls::call_virtual(JavaValue*, Handle, KlassHandle, Symbol*, Symbol*, Thread*)+0x47
V  [libjvm.so+0x723d80]  thread_entry(JavaThread*, Thread*)+0xa0
V  [libjvm.so+0xa69dcf]  JavaThread::thread_main_inner()+0xdf
V  [libjvm.so+0xa69efc]  JavaThread::run()+0x11c
V  [libjvm.so+0x91d9d8]  java_start(Thread*)+0x108
C  [libpthread.so.0+0x8182]  start_thread+0xc2

Java frames: (J=compiled Java code, j=interpreted, Vv=VM code)
J 229  java.util.zip.ZipFile.getEntry(J[BZ)J (0 bytes) @ 0x00007fe6d1186818 [0x00007fe6d11867c0+0x58]
J 248 C1 java.util.zip.ZipFile.getEntry(Ljava/lang/String;)Ljava/util/zip/ZipEntry; (86 bytes) @ 0x00007fe6d119200c [0x00007fe6d1191da0+0x26c]
J 247 C1 java.util.jar.JarFile.getEntry(Ljava/lang/String;)Ljava/util/zip/ZipEntry; (22 bytes) @ 0x00007fe6d11928e4 [0x00007fe6d1192860+0x84]
J 358 C2 sun.misc.URLClassPath$JarLoader.getResource(Ljava/lang/String;Z)Lsun/misc/Resource; (85 bytes) @ 0x00007fe6d11fc72c [0x00007fe6d11fc520+0x20c]
J 123 C1 sun.misc.URLClassPath.getResource(Ljava/lang/String;Z)Lsun/misc/Resource; (83 bytes) @ 0x00007fe6d1145e6c [0x00007fe6d1145d00+0x16c]
J 239 C1 java.net.URLClassLoader$1.run()Ljava/lang/Class; (63 bytes) @ 0x00007fe6d1189cec [0x00007fe6d1189ae0+0x20c]
J 197 C1 java.net.URLClassLoader$1.run()Ljava/lang/Object; (5 bytes) @ 0x00007fe6d116f1cc [0x00007fe6d116f140+0x8c]
v  ~StubRoutines::call_stub
J 196  java.security.AccessController.doPrivileged(Ljava/security/PrivilegedExceptionAction;Ljava/security/AccessControlContext;)Ljava/lang/Object; (0 bytes) @ 0x00007fe6d116ce63 [0x00007fe6d116ce00+0x63]
J 154 C1 java.net.URLClassLoader.findClass(Ljava/lang/String;)Ljava/lang/Class; (47 bytes) @ 0x00007fe6d1156514 [0x00007fe6d1156380+0x194]
J 95 C1 java.lang.ClassLoader.loadClass(Ljava/lang/String;Z)Ljava/lang/Class; (122 bytes) @ 0x00007fe6d1134324 [0x00007fe6d11339c0+0x964]
J 241 C1 sun.misc.Launcher$AppClassLoader.loadClass(Ljava/lang/String;Z)Ljava/lang/Class; (85 bytes) @ 0x00007fe6d118fc64 [0x00007fe6d118f2c0+0x9a4]
J 166 C1 java.lang.ClassLoader.loadClass(Ljava/lang/String;)Ljava/lang/Class; (7 bytes) @ 0x00007fe6d115bbc4 [0x00007fe6d115bac0+0x104]
v  ~StubRoutines::call_stub
j  io.netty.channel.AbstractChannel$AbstractUnsafe.closeAndDeregister(Lio/netty/channel/ChannelOutboundBuffer;ZLio/netty/channel/ChannelPromise;Ljava/lang/Throwable;)V+29
j  io.netty.channel.AbstractChannel$AbstractUnsafe.close(Lio/netty/channel/ChannelPromise;)V+153
j  io.netty.channel.nio.AbstractNioByteChannel$NioByteUnsafe.closeOnRead(Lio/netty/channel/ChannelPipeline;)V+86
J 1910 C1 io.netty.channel.nio.AbstractNioByteChannel$NioByteUnsafe.read()V (340 bytes) @ 0x00007fe6d15d1064 [0x00007fe6d15cee20+0x2244]
J 1953 C1 io.netty.channel.nio.NioEventLoop.processSelectedKey(Ljava/nio/channels/SelectionKey;Lio/netty/channel/nio/AbstractNioChannel;)V (120 bytes) @ 0x00007fe6d15eda6c [0x00007fe6d15ed580+0x4ec]
J 1351 C1 io.netty.channel.nio.NioEventLoop.processSelectedKeysOptimized([Ljava/nio/channels/SelectionKey;)V (103 bytes) @ 0x00007fe6d11199d4 [0x00007fe6d1119500+0x4d4]
J 1342 C1 io.netty.channel.nio.NioEventLoop.run()V (164 bytes) @ 0x00007fe6d1411a74 [0x00007fe6d1410e20+0xc54]
J 1236 C1 io.netty.util.concurrent.SingleThreadEventExecutor$2.run()V (67 bytes) @ 0x00007fe6d13d109c [0x00007fe6d13d0c80+0x41c]
J 1235 C1 io.netty.util.internal.chmv8.ForkJoinTask$RunnableExecuteAction.exec()Z (11 bytes) @ 0x00007fe6d13d08cc [0x00007fe6d13d07c0+0x10c]
J 1248 C1 io.netty.util.internal.chmv8.ForkJoinTask.doExec()I (37 bytes) @ 0x00007fe6d13d854c [0x00007fe6d13d8400+0x14c]
J 1658 C2 io.netty.util.internal.chmv8.ForkJoinPool.scan(Lio/netty/util/internal/chmv8/ForkJoinPool$WorkQueue;I)I (317 bytes) @ 0x00007fe6d14baea4 [0x00007fe6d14bad00+0x1a4]
j  io.netty.util.internal.chmv8.ForkJoinPool.runWorker(Lio/netty/util/internal/chmv8/ForkJoinPool$WorkQueue;)V+13
j  io.netty.util.internal.chmv8.ForkJoinWorkerThread.run()V+14
v  ~StubRoutines::call_stub

---------------  P R O C E S S  ---------------

Java Threads: ( => current thread )
  0x00007fe6641bb800 JavaThread "Kompics-worker-11" [_thread_blocked, id=11728, stack(0x00007fe6408f5000,0x00007fe6409f6000)]
  0x00007fe618002800 JavaThread "nioEventLoopGroup-0-11" daemon [_thread_blocked, id=11676, stack(0x00007fe6409f6000,0x00007fe640af7000)]
  0x00007fe62400a000 JavaThread "nioEventLoopGroup-0-12" daemon [_thread_blocked, id=11675, stack(0x00007fe640af7000,0x00007fe640bf8000)]
  0x00007fe65c002000 JavaThread "nioEventLoopGroup-0-10" daemon [_thread_blocked, id=11674, stack(0x00007fe6a1144000,0x00007fe6a1245000)]
  0x00007fe670003000 JavaThread "Kompics-worker-10" [_thread_blocked, id=11367, stack(0x00007fe6a1447000,0x00007fe6a1548000)]
  0x00007fe61c01a000 JavaThread "nioEventLoopGroup-0-9" daemon [_thread_blocked, id=11313, stack(0x00007fe6a1043000,0x00007fe6a1144000)]
  0x00007fe65c001000 JavaThread "nioEventLoopGroup-0-8" daemon [_thread_blocked, id=11312, stack(0x00007fe6a0f42000,0x00007fe6a1043000)]
=>0x00007fe61c019800 JavaThread "nioEventLoopGroup-0-7" daemon [_thread_in_native, id=11283, stack(0x00007fe6a29bd000,0x00007fe6a2abe000)]
  0x00007fe63002b000 JavaThread "nioEventLoopGroup-0-6" daemon [_thread_in_native, id=11264, stack(0x00007fe6a1346000,0x00007fe6a1447000)]
  0x00007fe624033000 JavaThread "nioEventLoopGroup-0-5" daemon [_thread_blocked, id=11132, stack(0x00007fe6a1245000,0x00007fe6a1346000)]
  0x00007fe61c003000 JavaThread "nioEventLoopGroup-0-4" daemon [_thread_blocked, id=11009, stack(0x00007fe640bf8000,0x00007fe640cf9000)]
  0x00007fe630029800 JavaThread "nioEventLoopGroup-0-3" daemon [_thread_blocked, id=11005, stack(0x00007fe640cf9000,0x00007fe640dfa000)]
  0x00007fe630028000 JavaThread "nioEventLoopGroup-0-2" daemon [_thread_blocked, id=10943, stack(0x00007fe641dfb000,0x00007fe641efc000)]
  0x00007fe63000f000 JavaThread "threadDeathWatcher-2-1" daemon [_thread_blocked, id=10889, stack(0x00007fe642efd000,0x00007fe642ffe000)]
  0x00007fe63000a800 JavaThread "nioEventLoopGroup-0-1" daemon [_thread_in_native, id=10887, stack(0x00007fe6a0030000,0x00007fe6a0131000)]
  0x00007fe664334000 JavaThread "nioEventLoopGroup-0-0" daemon [_thread_blocked, id=10886, stack(0x00007fe6a0331000,0x00007fe6a0432000)]
  0x00007fe638001000 JavaThread "nioEventLoopGroup-6-1" daemon [_thread_in_native, id=10821, stack(0x00007fe6a0432000,0x00007fe6a0533000)]
  0x00007fe664331000 JavaThread "nioEventLoopGroup-6-0" daemon [_thread_blocked, id=10820, stack(0x00007fe6a0533000,0x00007fe6a0634000)]
  0x00007fe648019000 JavaThread "nioEventLoopGroup-4-1" daemon [_thread_blocked, id=10819, stack(0x00007fe6a0634000,0x00007fe6a0735000)]
  0x00007fe66422a800 JavaThread "nioEventLoopGroup-4-0" daemon [_thread_in_native, id=10816, stack(0x00007fe6a0735000,0x00007fe6a0836000)]
  0x00007fe650003000 JavaThread "nioEventLoopGroup-2-1" daemon [_thread_blocked, id=10815, stack(0x00007fe6a0836000,0x00007fe6a0937000)]
  0x00007fe6641d5000 JavaThread "nioEventLoopGroup-2-0" daemon [_thread_in_native, id=10814, stack(0x00007fe6a0937000,0x00007fe6a0a38000)]
  0x00007fe668006000 JavaThread "Kompics-worker-9" [_thread_blocked, id=10813, stack(0x00007fe6a0e41000,0x00007fe6a0f42000)]
  0x00007fe66c001000 JavaThread "Kompics-worker-2" [_thread_blocked, id=10806, stack(0x00007fe6a1548000,0x00007fe6a1649000)]
  0x00007fe6e0009800 JavaThread "DestroyJavaVM" [_thread_blocked, id=10783, stack(0x00007fe6e78e3000,0x00007fe6e79e4000)]
  0x00007fe6e05d3000 JavaThread "JavaTimer@2b2948e2" daemon [_thread_blocked, id=10802, stack(0x00007fe6a2abe000,0x00007fe6a2bbf000)]
  0x00007fe6e0219800 JavaThread "Service Thread" daemon [_thread_blocked, id=10800, stack(0x00007fe6a2f5c000,0x00007fe6a305d000)]
  0x00007fe6e020e800 JavaThread "C1 CompilerThread3" daemon [_thread_blocked, id=10799, stack(0x00007fe6a305d000,0x00007fe6a315e000)]
  0x00007fe6e020c000 JavaThread "C2 CompilerThread2" daemon [_thread_blocked, id=10798, stack(0x00007fe6a315e000,0x00007fe6a325f000)]
  0x00007fe6e020a800 JavaThread "C2 CompilerThread1" daemon [_thread_blocked, id=10797, stack(0x00007fe6a325f000,0x00007fe6a3360000)]
  0x00007fe6e0207800 JavaThread "C2 CompilerThread0" daemon [_thread_blocked, id=10796, stack(0x00007fe6cc03c000,0x00007fe6cc13d000)]
  0x00007fe6e0206000 JavaThread "Signal Dispatcher" daemon [_thread_blocked, id=10795, stack(0x00007fe6cc13d000,0x00007fe6cc23e000)]
  0x00007fe6e01d3000 JavaThread "Finalizer" daemon [_thread_blocked, id=10794, stack(0x00007fe6cce6d000,0x00007fe6ccf6e000)]
  0x00007fe6e01ce800 JavaThread "Reference Handler" daemon [_thread_blocked, id=10793, stack(0x00007fe6ccf6e000,0x00007fe6cd06f000)]

Other Threads:
  0x00007fe6e01c6800 VMThread [stack: 0x00007fe6cd06f000,0x00007fe6cd170000] [id=10792]
  0x00007fe6e021c000 WatcherThread [stack: 0x00007fe6a2e5b000,0x00007fe6a2f5c000] [id=10801]

VM state:not at safepoint (normal execution)

VM Mutex/Monitor currently owned by a thread: None

Heap:
 PSYoungGen      total 84480K, used 62675K [0x0000000762400000, 0x0000000768200000, 0x00000007c0000000)
  eden space 72704K, 70% used [0x0000000762400000,0x00000007655ba798,0x0000000766b00000)
  from space 11776K, 99% used [0x0000000766b00000,0x000000076767a858,0x0000000767680000)
  to   space 11776K, 0% used [0x0000000767680000,0x0000000767680000,0x0000000768200000)
 ParOldGen       total 192512K, used 3555K [0x00000006a6c00000, 0x00000006b2800000, 0x0000000762400000)
  object space 192512K, 1% used [0x00000006a6c00000,0x00000006a6f78f38,0x00000006b2800000)
 Metaspace       used 16028K, capacity 16366K, committed 16640K, reserved 1064960K
  class space    used 1936K, capacity 2007K, committed 2048K, reserved 1048576K

Card table byte_map: [0x00007fe6d0735000,0x00007fe6d1000000] byte_map_base: 0x00007fe6cd1ff000

Marking Bits: (ParMarkBitMap*) 0x00007fe6e6dbf100
 Begin Bits: [0x00007fe6a3360000, 0x00007fe6a79b0000)
 End Bits:   [0x00007fe6a79b0000, 0x00007fe6ac000000)

Polling page: 0x00007fe6e7a06000

CodeCache: size=245760Kb used=6866Kb max_used=6877Kb free=238893Kb
 bounds [0x00007fe6d1000000, 0x00007fe6d16d0000, 0x00007fe6e0000000]
 total_blobs=2341 nmethods=1965 adapters=289
 compilation: enabled

Compilation events (10 events):
Event: 522,753 Thread 0x00007fe6e0207800 2155 %     4       com.barchart.udt.nio.SelectorUDT::doEpollSelect @ 40 (85 bytes)
Event: 522,756 Thread 0x00007fe6e0207800 nmethod 2155% 0x00007fe6d133f450 code [0x00007fe6d133f5c0, 0x00007fe6d133f748]
Event: 523,294 Thread 0x00007fe6e020e800 2156   !   3       se.sics.kompics.network.netty.serialization.Serializers::fromBinary (258 bytes)
Event: 523,301 Thread 0x00007fe6e020e800 nmethod 2156 0x00007fe6d16bb290 code [0x00007fe6d16bb740, 0x00007fe6d16be3b8]
Event: 524,956 Thread 0x00007fe6e020e800 2157       3       com.google.common.collect.Sets$3::iterator (17 bytes)
Event: 524,957 Thread 0x00007fe6e020e800 nmethod 2157 0x00007fe6d1340110 code [0x00007fe6d13402e0, 0x00007fe6d1340a48]
Event: 526,786 Thread 0x00007fe6e020c000 2158       4       java.lang.Integer::valueOf (32 bytes)
Event: 526,789 Thread 0x00007fe6e020c000 nmethod 2158 0x00007fe6d16b9a10 code [0x00007fe6d16b9b60, 0x00007fe6d16b9c58]
Event: 528,825 Thread 0x00007fe6e020e800 2159       1       com.google.common.collect.Iterators$11::get (12 bytes)
Event: 528,826 Thread 0x00007fe6e020e800 nmethod 2159 0x00007fe6d133fdd0 code [0x00007fe6d133ff20, 0x00007fe6d1340050]

GC Heap History (2 events):
Event: 68,832 GC heap before
{Heap before GC invocations=1 (full 0):
 PSYoungGen      total 84480K, used 72704K [0x0000000762400000, 0x0000000768200000, 0x00000007c0000000)
  eden space 72704K, 100% used [0x0000000762400000,0x0000000766b00000,0x0000000766b00000)
  from space 11776K, 0% used [0x0000000767680000,0x0000000767680000,0x0000000768200000)
  to   space 11776K, 0% used [0x0000000766b00000,0x0000000766b00000,0x0000000767680000)
 ParOldGen       total 192512K, used 0K [0x00000006a6c00000, 0x00000006b2800000, 0x0000000762400000)
  object space 192512K, 0% used [0x00000006a6c00000,0x00000006a6c00000,0x00000006b2800000)
 Metaspace       used 15450K, capacity 15754K, committed 15872K, reserved 1062912K
  class space    used 1917K, capacity 2001K, committed 2048K, reserved 1048576K
Event: 68,859 GC heap after
Heap after GC invocations=1 (full 0):
 PSYoungGen      total 84480K, used 11754K [0x0000000762400000, 0x0000000768200000, 0x00000007c0000000)
  eden space 72704K, 0% used [0x0000000762400000,0x0000000762400000,0x0000000766b00000)
  from space 11776K, 99% used [0x0000000766b00000,0x000000076767a858,0x0000000767680000)
  to   space 11776K, 0% used [0x0000000767680000,0x0000000767680000,0x0000000768200000)
 ParOldGen       total 192512K, used 3555K [0x00000006a6c00000, 0x00000006b2800000, 0x0000000762400000)
  object space 192512K, 1% used [0x00000006a6c00000,0x00000006a6f78f38,0x00000006b2800000)
 Metaspace       used 15450K, capacity 15754K, committed 15872K, reserved 1062912K
  class space    used 1917K, capacity 2001K, committed 2048K, reserved 1048576K
}

Deoptimization events (10 events):
Event: 236,831 Thread 0x00007fe61c019800 Uncommon trap: reason=class_check action=maybe_recompile pc=0x00007fe6d12cee6c method=io.netty.buffer.ByteBufInputStream.read()I @ 4
Event: 236,831 Thread 0x00007fe61c019800 Uncommon trap: reason=class_check action=maybe_recompile pc=0x00007fe6d14e4ab0 method=io.netty.buffer.ByteBufInputStream.available()I @ 8
Event: 236,832 Thread 0x00007fe61c019800 Uncommon trap: reason=class_check action=maybe_recompile pc=0x00007fe6d14e4ab0 method=io.netty.buffer.ByteBufInputStream.available()I @ 8
Event: 236,832 Thread 0x00007fe61c019800 Uncommon trap: reason=class_check action=maybe_recompile pc=0x00007fe6d12e7b1c method=io.netty.buffer.ByteBufInputStream.available()I @ 8
Event: 246,787 Thread 0x00007fe61c003000 Uncommon trap: reason=predicate action=maybe_recompile pc=0x00007fe6d153a058 method=java.util.Arrays.fill([Ljava/lang/Object;IILjava/lang/Object;)V @ 16
Event: 258,787 Thread 0x00007fe61c019800 Uncommon trap: reason=null_check action=make_not_entrant pc=0x00007fe6d15885a8 method=java.io.ObjectInputStream.readClassDesc(Z)Ljava/io/ObjectStreamClass; @ 56
Event: 262,786 Thread 0x00007fe61c019800 Uncommon trap: reason=array_check action=maybe_recompile pc=0x00007fe6d1242018 method=java.util.Arrays.fill([Ljava/lang/Object;IILjava/lang/Object;)V @ 20
Event: 263,295 Thread 0x00007fe630029800 Uncommon trap: reason=array_check action=maybe_recompile pc=0x00007fe6d1242018 method=java.util.Arrays.fill([Ljava/lang/Object;IILjava/lang/Object;)V @ 20
Event: 264,832 Thread 0x00007fe61c019800 Uncommon trap: reason=array_check action=maybe_recompile pc=0x00007fe6d1242018 method=java.util.Arrays.fill([Ljava/lang/Object;IILjava/lang/Object;)V @ 20
Event: 264,832 Thread 0x00007fe61c003000 Uncommon trap: reason=array_check action=maybe_recompile pc=0x00007fe6d1242018 method=java.util.Arrays.fill([Ljava/lang/Object;IILjava/lang/Object;)V @ 20

Internal exceptions (10 events):
Event: 40,871 Thread 0x00007fe630028000 Exception <a 'java/lang/NoSuchMethodError': <clinit>> (0x00000007668add80) thrown at [/HUDSON/workspace/8-2-build-linux-amd64/jdk8u72/5732/hotspot/src/share/vm/prims/jni.cpp, line 1591]
Event: 40,873 Thread 0x00007fe630028000 Exception <a 'java/lang/NoSuchMethodError': <clinit>> (0x00000007668b62e0) thrown at [/HUDSON/workspace/8-2-build-linux-amd64/jdk8u72/5732/hotspot/src/share/vm/prims/jni.cpp, line 1591]
Event: 40,873 Thread 0x00007fe63000a800 Exception <a 'java/lang/NoSuchMethodError': <clinit>> (0x00000007667849a0) thrown at [/HUDSON/workspace/8-2-build-linux-amd64/jdk8u72/5732/hotspot/src/share/vm/prims/jni.cpp, line 1591]
Event: 44,831 Thread 0x00007fe63000a800 Exception <a 'java/lang/NoSuchMethodError': <clinit>> (0x00000007667b9278) thrown at [/HUDSON/workspace/8-2-build-linux-amd64/jdk8u72/5732/hotspot/src/share/vm/prims/jni.cpp, line 1591]
Event: 44,832 Thread 0x00007fe630029800 Exception <a 'java/lang/NoSuchMethodError': <clinit>> (0x000000076655b410) thrown at [/HUDSON/workspace/8-2-build-linux-amd64/jdk8u72/5732/hotspot/src/share/vm/prims/jni.cpp, line 1591]
Event: 77,227 Thread 0x00007fe630028000 Exception <a 'java/lang/IllegalAccessError': se/sics/kompics/network/netty/MessageWrapper> (0x000000076264db40) thrown at [/HUDSON/workspace/8-2-build-linux-amd64/jdk8u72/5732/hotspot/src/share/vm/oops/constantPool.cpp, line 235]
Event: 77,231 Thread 0x00007fe630029800 Exception <a 'java/lang/NoSuchMethodError': <clinit>> (0x00000007628a3608) thrown at [/HUDSON/workspace/8-2-build-linux-amd64/jdk8u72/5732/hotspot/src/share/vm/prims/jni.cpp, line 1591]
Event: 77,231 Thread 0x00007fe63000a800 Exception <a 'java/lang/NoSuchMethodError': <clinit>> (0x0000000762431338) thrown at [/HUDSON/workspace/8-2-build-linux-amd64/jdk8u72/5732/hotspot/src/share/vm/prims/jni.cpp, line 1591]
Event: 84,225 Thread 0x00007fe61c003000 Exception <a 'java/lang/NoSuchMethodError': <clinit>> (0x00000007627aaf50) thrown at [/HUDSON/workspace/8-2-build-linux-amd64/jdk8u72/5732/hotspot/src/share/vm/prims/jni.cpp, line 1591]
Event: 258,787 Thread 0x00007fe61c019800 Implicit null exception at 0x00007fe6d158a1e0 to 0x00007fe6d158859d

Events (10 events):
Event: 510,809 Thread 0x00007fe6e020c000 flushing nmethod 0x00007fe6d132a650
Event: 510,809 Thread 0x00007fe6e020c000 flushing nmethod 0x00007fe6d132ae50
Event: 510,809 Thread 0x00007fe6e020c000 flushing nmethod 0x00007fe6d1332710
Event: 510,809 Thread 0x00007fe6e020c000 flushing nmethod 0x00007fe6d1337010
Event: 510,809 Thread 0x00007fe6e020c000 flushing nmethod 0x00007fe6d133f250
Event: 510,809 Thread 0x00007fe6e020c000 flushing nmethod 0x00007fe6d1345b50
Event: 512,826 Thread 0x00007fe6e020e800 flushing nmethod 0x00007fe6d13a3e10
Event: 512,827 Thread 0x00007fe6e020e800 flushing nmethod 0x00007fe6d143b250
Event: 530,777 loading class io/netty/channel/AbstractChannel$AbstractUnsafe$7
Event: 530,777 loading class io/netty/channel/AbstractChannel$AbstractUnsafe$7 done


Dynamic libraries:
00400000-00401000 r-xp 00000000 08:03 1974131                            /usr/lib/jvm/java-8-oracle/jre/bin/java
00600000-00601000 rw-p 00000000 08:03 1974131                            /usr/lib/jvm/java-8-oracle/jre/bin/java
02331000-02352000 rw-p 00000000 00:00 0                                  [heap]
6a6c00000-6b2800000 rw-p 00000000 00:00 0 
6b2800000-762400000 ---p 00000000 00:00 0 
762400000-768200000 rw-p 00000000 00:00 0 
768200000-7c0000000 ---p 00000000 00:00 0 
7c0000000-7c0200000 rw-p 00000000 00:00 0 
7c0200000-800000000 ---p 00000000 00:00 0 
7fe604000000-7fe604021000 rw-p 00000000 00:00 0 
7fe604021000-7fe608000000 ---p 00000000 00:00 0 
7fe608000000-7fe608021000 rw-p 00000000 00:00 0 
7fe608021000-7fe60c000000 ---p 00000000 00:00 0 
7fe60c000000-7fe60c021000 rw-p 00000000 00:00 0 
7fe60c021000-7fe610000000 ---p 00000000 00:00 0 
7fe610000000-7fe610021000 rw-p 00000000 00:00 0 
7fe610021000-7fe614000000 ---p 00000000 00:00 0 
7fe614ffd000-7fe618000000 rw-p 00000000 00:00 0 
7fe618000000-7fe618021000 rw-p 00000000 00:00 0 
7fe618021000-7fe61c000000 ---p 00000000 00:00 0 
7fe61c000000-7fe61c032000 rw-p 00000000 00:00 0 
7fe61c032000-7fe620000000 ---p 00000000 00:00 0 
7fe620ffd000-7fe624000000 rw-p 00000000 00:00 0 
7fe624000000-7fe624036000 rw-p 00000000 00:00 0 
7fe624036000-7fe628000000 ---p 00000000 00:00 0 
7fe628000000-7fe62828c000 rw-p 00000000 00:00 0 
7fe62828c000-7fe62c000000 ---p 00000000 00:00 0 
7fe62c000000-7fe62c021000 rw-p 00000000 00:00 0 
7fe62c021000-7fe630000000 ---p 00000000 00:00 0 
7fe630000000-7fe63002c000 rw-p 00000000 00:00 0 
7fe63002c000-7fe634000000 ---p 00000000 00:00 0 
7fe634000000-7fe634021000 rw-p 00000000 00:00 0 
7fe634021000-7fe638000000 ---p 00000000 00:00 0 
7fe638000000-7fe638021000 rw-p 00000000 00:00 0 
7fe638021000-7fe63c000000 ---p 00000000 00:00 0 
7fe63c000000-7fe63c021000 rw-p 00000000 00:00 0 
7fe63c021000-7fe640000000 ---p 00000000 00:00 0 
7fe6406f5000-7fe640735000 rw-p 00000000 00:00 0 
7fe640735000-7fe6408f5000 ---p 00000000 00:00 0 
7fe6408f5000-7fe6408f8000 ---p 00000000 00:00 0 
7fe6408f8000-7fe6409f6000 rw-p 00000000 00:00 0                          [stack:11728]
7fe6409f6000-7fe6409f9000 ---p 00000000 00:00 0 
7fe6409f9000-7fe640af7000 rw-p 00000000 00:00 0                          [stack:11676]
7fe640af7000-7fe640afa000 ---p 00000000 00:00 0 
7fe640afa000-7fe640bf8000 rw-p 00000000 00:00 0                          [stack:11675]
7fe640bf8000-7fe640bfb000 ---p 00000000 00:00 0 
7fe640bfb000-7fe640cf9000 rw-p 00000000 00:00 0                          [stack:11009]
7fe640cf9000-7fe640cfc000 ---p 00000000 00:00 0 
7fe640cfc000-7fe641dfb000 rw-p 00000000 00:00 0                          [stack:11005]
7fe641dfb000-7fe641dfe000 ---p 00000000 00:00 0 
7fe641dfe000-7fe642efd000 rw-p 00000000 00:00 0                          [stack:10943]
7fe642efd000-7fe642f00000 ---p 00000000 00:00 0 
7fe642f00000-7fe642ffe000 rw-p 00000000 00:00 0                          [stack:10889]
7fe642ffe000-7fe642fff000 ---p 00000000 00:00 0 
7fe642fff000-7fe6437ff000 rw-p 00000000 00:00 0                          [stack:10818]
7fe6437ff000-7fe643800000 ---p 00000000 00:00 0 
7fe643800000-7fe644000000 rw-p 00000000 00:00 0                          [stack:10817]
7fe644000000-7fe644021000 rw-p 00000000 00:00 0 
7fe644021000-7fe648000000 ---p 00000000 00:00 0 
7fe648000000-7fe648021000 rw-p 00000000 00:00 0 
7fe648021000-7fe64c000000 ---p 00000000 00:00 0 
7fe64c000000-7fe64c04b000 rw-p 00000000 00:00 0 
7fe64c04b000-7fe650000000 ---p 00000000 00:00 0 
7fe650000000-7fe650021000 rw-p 00000000 00:00 0 
7fe650021000-7fe654000000 ---p 00000000 00:00 0 
7fe654000000-7fe654021000 rw-p 00000000 00:00 0 
7fe654021000-7fe658000000 ---p 00000000 00:00 0 
7fe658000000-7fe658021000 rw-p 00000000 00:00 0 
7fe658021000-7fe65c000000 ---p 00000000 00:00 0 
7fe65c000000-7fe65c021000 rw-p 00000000 00:00 0 
7fe65c021000-7fe660000000 ---p 00000000 00:00 0 
7fe660000000-7fe660021000 rw-p 00000000 00:00 0 
7fe660021000-7fe664000000 ---p 00000000 00:00 0 
7fe664000000-7fe66433c000 rw-p 00000000 00:00 0 
7fe66433c000-7fe668000000 ---p 00000000 00:00 0 
7fe668000000-7fe668021000 rw-p 00000000 00:00 0 
7fe668021000-7fe66c000000 ---p 00000000 00:00 0 
7fe66c000000-7fe66c2a4000 rw-p 00000000 00:00 0 
7fe66c2a4000-7fe670000000 ---p 00000000 00:00 0 
7fe670000000-7fe670021000 rw-p 00000000 00:00 0 
7fe670021000-7fe674000000 ---p 00000000 00:00 0 
7fe674000000-7fe674021000 rw-p 00000000 00:00 0 
7fe674021000-7fe678000000 ---p 00000000 00:00 0 
7fe678000000-7fe67828c000 rw-p 00000000 00:00 0 
7fe67828c000-7fe67c000000 ---p 00000000 00:00 0 
7fe67c000000-7fe67c3fc000 rw-p 00000000 00:00 0 
7fe67c3fc000-7fe680000000 ---p 00000000 00:00 0 
7fe680000000-7fe680021000 rw-p 00000000 00:00 0 
7fe680021000-7fe684000000 ---p 00000000 00:00 0 
7fe684000000-7fe685321000 rw-p 00000000 00:00 0 
7fe685321000-7fe688000000 ---p 00000000 00:00 0 
7fe688000000-7fe689a14000 rw-p 00000000 00:00 0 
7fe689a14000-7fe68c000000 ---p 00000000 00:00 0 
7fe68c000000-7fe68c021000 rw-p 00000000 00:00 0 
7fe68c021000-7fe690000000 ---p 00000000 00:00 0 
7fe690000000-7fe691cab000 rw-p 00000000 00:00 0 
7fe691cab000-7fe694000000 ---p 00000000 00:00 0 
7fe694000000-7fe694021000 rw-p 00000000 00:00 0 
7fe694021000-7fe698000000 ---p 00000000 00:00 0 
7fe698000000-7fe698021000 rw-p 00000000 00:00 0 
7fe698021000-7fe69c000000 ---p 00000000 00:00 0 
7fe69c000000-7fe69c059000 rw-p 00000000 00:00 0 
7fe69c059000-7fe6a0000000 ---p 00000000 00:00 0 
7fe6a0030000-7fe6a0033000 ---p 00000000 00:00 0 
7fe6a0033000-7fe6a0331000 rw-p 00000000 00:00 0                          [stack:10887]
7fe6a0331000-7fe6a0334000 ---p 00000000 00:00 0 
7fe6a0334000-7fe6a0432000 rw-p 00000000 00:00 0                          [stack:10886]
7fe6a0432000-7fe6a0435000 ---p 00000000 00:00 0 
7fe6a0435000-7fe6a0533000 rw-p 00000000 00:00 0                          [stack:10821]
7fe6a0533000-7fe6a0536000 ---p 00000000 00:00 0 
7fe6a0536000-7fe6a0634000 rw-p 00000000 00:00 0                          [stack:10820]
7fe6a0634000-7fe6a0637000 ---p 00000000 00:00 0 
7fe6a0637000-7fe6a0735000 rw-p 00000000 00:00 0                          [stack:10819]
7fe6a0735000-7fe6a0738000 ---p 00000000 00:00 0 
7fe6a0738000-7fe6a0836000 rw-p 00000000 00:00 0                          [stack:10816]
7fe6a0836000-7fe6a0839000 ---p 00000000 00:00 0 
7fe6a0839000-7fe6a0937000 rw-p 00000000 00:00 0                          [stack:10815]
7fe6a0937000-7fe6a093a000 ---p 00000000 00:00 0 
7fe6a093a000-7fe6a0c38000 rw-p 00000000 00:00 0                          [stack:10814]
7fe6a0c38000-7fe6a0c41000 r-xp 00000000 08:03 2102168                    /usr/lib/jvm/java-8-oracle/jre/lib/amd64/libmanagement.so
7fe6a0c41000-7fe6a0e40000 ---p 00009000 08:03 2102168                    /usr/lib/jvm/java-8-oracle/jre/lib/amd64/libmanagement.so
7fe6a0e40000-7fe6a0e41000 rw-p 00008000 08:03 2102168                    /usr/lib/jvm/java-8-oracle/jre/lib/amd64/libmanagement.so
7fe6a0e41000-7fe6a0e44000 ---p 00000000 00:00 0 
7fe6a0e44000-7fe6a0f42000 rw-p 00000000 00:00 0                          [stack:10813]
7fe6a0f42000-7fe6a0f45000 ---p 00000000 00:00 0 
7fe6a0f45000-7fe6a1043000 rw-p 00000000 00:00 0                          [stack:11312]
7fe6a1043000-7fe6a1046000 ---p 00000000 00:00 0 
7fe6a1046000-7fe6a1144000 rw-p 00000000 00:00 0                          [stack:11313]
7fe6a1144000-7fe6a1147000 ---p 00000000 00:00 0 
7fe6a1147000-7fe6a1245000 rw-p 00000000 00:00 0                          [stack:11674]
7fe6a1245000-7fe6a1248000 ---p 00000000 00:00 0 
7fe6a1248000-7fe6a1346000 rw-p 00000000 00:00 0                          [stack:11132]
7fe6a1346000-7fe6a1349000 ---p 00000000 00:00 0 
7fe6a1349000-7fe6a1447000 rw-p 00000000 00:00 0                          [stack:11264]
7fe6a1447000-7fe6a144a000 ---p 00000000 00:00 0 
7fe6a144a000-7fe6a1548000 rw-p 00000000 00:00 0                          [stack:11367]
7fe6a1548000-7fe6a154b000 ---p 00000000 00:00 0 
7fe6a154b000-7fe6a1649000 rw-p 00000000 00:00 0                          [stack:10806]
7fe6a1649000-7fe6a164a000 ---p 00000000 00:00 0 
7fe6a164a000-7fe6a1e4a000 rw-p 00000000 00:00 0                          [stack:10804]
7fe6a1e4a000-7fe6a1e60000 r-xp 00000000 08:03 3937810                    /lib/x86_64-linux-gnu/libgcc_s.so.1
7fe6a1e60000-7fe6a205f000 ---p 00016000 08:03 3937810                    /lib/x86_64-linux-gnu/libgcc_s.so.1
7fe6a205f000-7fe6a2060000 rw-p 00015000 08:03 3937810                    /lib/x86_64-linux-gnu/libgcc_s.so.1
7fe6a2060000-7fe6a2146000 r-xp 00000000 08:03 1968174                    /usr/lib/x86_64-linux-gnu/libstdc++.so.6.0.19
7fe6a2146000-7fe6a2345000 ---p 000e6000 08:03 1968174                    /usr/lib/x86_64-linux-gnu/libstdc++.so.6.0.19
7fe6a2345000-7fe6a234d000 r--p 000e5000 08:03 1968174                    /usr/lib/x86_64-linux-gnu/libstdc++.so.6.0.19
7fe6a234d000-7fe6a234f000 rw-p 000ed000 08:03 1968174                    /usr/lib/x86_64-linux-gnu/libstdc++.so.6.0.19
7fe6a234f000-7fe6a2364000 rw-p 00000000 00:00 0 
7fe6a2364000-7fe6a23a9000 r-xp 00000000 08:03 2432                       /home/kim/workspace/java/id2203/Distributed-KV-store/server/lib/bin/lib/amd64-Linux-gpp/jni/libbarchart-udt-core-2.3.0-SNAPSHOT.so
7fe6a23a9000-7fe6a25a9000 ---p 00045000 08:03 2432                       /home/kim/workspace/java/id2203/Distributed-KV-store/server/lib/bin/lib/amd64-Linux-gpp/jni/libbarchart-udt-core-2.3.0-SNAPSHOT.so
7fe6a25a9000-7fe6a25aa000 r--p 00045000 08:03 2432                       /home/kim/workspace/java/id2203/Distributed-KV-store/server/lib/bin/lib/amd64-Linux-gpp/jni/libbarchart-udt-core-2.3.0-SNAPSHOT.so
7fe6a25aa000-7fe6a25ab000 rw-p 00046000 08:03 2432                       /home/kim/workspace/java/id2203/Distributed-KV-store/server/lib/bin/lib/amd64-Linux-gpp/jni/libbarchart-udt-core-2.3.0-SNAPSHOT.so
7fe6a25ab000-7fe6a25ac000 rw-p 00000000 00:00 0 
7fe6a25ac000-7fe6a25bd000 r-xp 00000000 08:03 2102158                    /usr/lib/jvm/java-8-oracle/jre/lib/amd64/libnio.so
7fe6a25bd000-7fe6a27bc000 ---p 00011000 08:03 2102158                    /usr/lib/jvm/java-8-oracle/jre/lib/amd64/libnio.so
7fe6a27bc000-7fe6a27bd000 rw-p 00010000 08:03 2102158                    /usr/lib/jvm/java-8-oracle/jre/lib/amd64/libnio.so
7fe6a27bd000-7fe6a29bd000 rw-p 00000000 00:00 0 
7fe6a29bd000-7fe6a29c0000 ---p 00000000 00:00 0 
7fe6a29c0000-7fe6a2abe000 rw-p 00000000 00:00 0                          [stack:11283]
7fe6a2abe000-7fe6a2ac1000 ---p 00000000 00:00 0 
7fe6a2ac1000-7fe6a2bbf000 rw-p 00000000 00:00 0                          [stack:10802]
7fe6a2bbf000-7fe6a2bd5000 r-xp 00000000 08:03 2102147                    /usr/lib/jvm/java-8-oracle/jre/lib/amd64/libnet.so
7fe6a2bd5000-7fe6a2dd5000 ---p 00016000 08:03 2102147                    /usr/lib/jvm/java-8-oracle/jre/lib/amd64/libnet.so
7fe6a2dd5000-7fe6a2dd6000 rw-p 00016000 08:03 2102147                    /usr/lib/jvm/java-8-oracle/jre/lib/amd64/libnet.so
7fe6a2dd6000-7fe6a2e5b000 r--s 00840000 08:03 985                        /home/kim/workspace/java/id2203/Distributed-KV-store/server/target/project17-server-1.0-SNAPSHOT-shaded.jar
7fe6a2e5b000-7fe6a2e5c000 ---p 00000000 00:00 0 
7fe6a2e5c000-7fe6a2f5c000 rw-p 00000000 00:00 0                          [stack:10801]
7fe6a2f5c000-7fe6a2f5f000 ---p 00000000 00:00 0 
7fe6a2f5f000-7fe6a305d000 rw-p 00000000 00:00 0                          [stack:10800]
7fe6a305d000-7fe6a3060000 ---p 00000000 00:00 0 
7fe6a3060000-7fe6a315e000 rw-p 00000000 00:00 0                          [stack:10799]
7fe6a315e000-7fe6a3161000 ---p 00000000 00:00 0 
7fe6a3161000-7fe6a325f000 rw-p 00000000 00:00 0                          [stack:10798]
7fe6a325f000-7fe6a3262000 ---p 00000000 00:00 0 
7fe6a3262000-7fe6ac000000 rw-p 00000000 00:00 0                          [stack:10797]
7fe6ac000000-7fe6ac021000 rw-p 00000000 00:00 0 
7fe6ac021000-7fe6b0000000 ---p 00000000 00:00 0 
7fe6b0000000-7fe6b0021000 rw-p 00000000 00:00 0 
7fe6b0021000-7fe6b4000000 ---p 00000000 00:00 0 
7fe6b4000000-7fe6b4021000 rw-p 00000000 00:00 0 
7fe6b4021000-7fe6b8000000 ---p 00000000 00:00 0 
7fe6b8000000-7fe6b8021000 rw-p 00000000 00:00 0 
7fe6b8021000-7fe6bc000000 ---p 00000000 00:00 0 
7fe6bc000000-7fe6bc021000 rw-p 00000000 00:00 0 
7fe6bc021000-7fe6c0000000 ---p 00000000 00:00 0 
7fe6c0000000-7fe6c0021000 rw-p 00000000 00:00 0 
7fe6c0021000-7fe6c4000000 ---p 00000000 00:00 0 
7fe6c4000000-7fe6c4021000 rw-p 00000000 00:00 0 
7fe6c4021000-7fe6c8000000 ---p 00000000 00:00 0 
7fe6c8000000-7fe6c8021000 rw-p 00000000 00:00 0 
7fe6c8021000-7fe6cc000000 ---p 00000000 00:00 0 
7fe6cc02a000-7fe6cc03c000 r--s 00345000 08:03 1974229                    /usr/lib/jvm/java-8-oracle/jre/lib/resources.jar
7fe6cc03c000-7fe6cc03f000 ---p 00000000 00:00 0 
7fe6cc03f000-7fe6cc13d000 rw-p 00000000 00:00 0                          [stack:10796]
7fe6cc13d000-7fe6cc140000 ---p 00000000 00:00 0 
7fe6cc140000-7fe6cc23e000 rw-p 00000000 00:00 0                          [stack:10795]
7fe6cc23e000-7fe6cce6d000 r--p 00000000 08:03 1970932                    /usr/lib/locale/locale-archive
7fe6cce6d000-7fe6cce70000 ---p 00000000 00:00 0 
7fe6cce70000-7fe6ccf6e000 rw-p 00000000 00:00 0                          [stack:10794]
7fe6ccf6e000-7fe6ccf71000 ---p 00000000 00:00 0 
7fe6ccf71000-7fe6cd06f000 rw-p 00000000 00:00 0                          [stack:10793]
7fe6cd06f000-7fe6cd070000 ---p 00000000 00:00 0 
7fe6cd070000-7fe6cec8b000 rw-p 00000000 00:00 0                          [stack:10792]
7fe6cec8b000-7fe6cee63000 r--s 03d1d000 08:03 1974220                    /usr/lib/jvm/java-8-oracle/jre/lib/rt.jar
7fe6cee63000-7fe6cff2d000 rw-p 00000000 00:00 0 
7fe6cff2d000-7fe6cff2e000 ---p 00000000 00:00 0 
7fe6cff2e000-7fe6d002e000 rw-p 00000000 00:00 0                          [stack:10791]
7fe6d002e000-7fe6d002f000 ---p 00000000 00:00 0 
7fe6d002f000-7fe6d012f000 rw-p 00000000 00:00 0                          [stack:10790]
7fe6d012f000-7fe6d0130000 ---p 00000000 00:00 0 
7fe6d0130000-7fe6d0230000 rw-p 00000000 00:00 0                          [stack:10789]
7fe6d0230000-7fe6d0231000 ---p 00000000 00:00 0 
7fe6d0231000-7fe6d0331000 rw-p 00000000 00:00 0                          [stack:10788]
7fe6d0331000-7fe6d0332000 ---p 00000000 00:00 0 
7fe6d0332000-7fe6d0432000 rw-p 00000000 00:00 0                          [stack:10787]
7fe6d0432000-7fe6d0433000 ---p 00000000 00:00 0 
7fe6d0433000-7fe6d0533000 rw-p 00000000 00:00 0                          [stack:10786]
7fe6d0533000-7fe6d0534000 ---p 00000000 00:00 0 
7fe6d0534000-7fe6d0634000 rw-p 00000000 00:00 0                          [stack:10785]
7fe6d0634000-7fe6d0635000 ---p 00000000 00:00 0 
7fe6d0635000-7fe6d0793000 rw-p 00000000 00:00 0                          [stack:10784]
7fe6d0793000-7fe6d0d11000 ---p 00000000 00:00 0 
7fe6d0d11000-7fe6d0d40000 rw-p 00000000 00:00 0 
7fe6d0d40000-7fe6d0fff000 ---p 00000000 00:00 0 
7fe6d0fff000-7fe6d1000000 rw-p 00000000 00:00 0 
7fe6d1000000-7fe6d16d0000 rwxp 00000000 00:00 0 
7fe6d16d0000-7fe6e0000000 ---p 00000000 00:00 0 
7fe6e0000000-7fe6e07ad000 rw-p 00000000 00:00 0 
7fe6e07ad000-7fe6e4000000 ---p 00000000 00:00 0 
7fe6e4009000-7fe6e412c000 rw-p 00000000 00:00 0 
7fe6e412c000-7fe6e46aa000 ---p 00000000 00:00 0 
7fe6e46aa000-7fe6e46c6000 rw-p 00000000 00:00 0 
7fe6e46c6000-7fe6e4a6a000 ---p 00000000 00:00 0 
7fe6e4a6a000-7fe6e4a84000 r-xp 00000000 08:03 2102141                    /usr/lib/jvm/java-8-oracle/jre/lib/amd64/libzip.so
7fe6e4a84000-7fe6e4c84000 ---p 0001a000 08:03 2102141                    /usr/lib/jvm/java-8-oracle/jre/lib/amd64/libzip.so
7fe6e4c84000-7fe6e4c85000 rw-p 0001a000 08:03 2102141                    /usr/lib/jvm/java-8-oracle/jre/lib/amd64/libzip.so
7fe6e4c85000-7fe6e4c90000 r-xp 00000000 08:03 3932179                    /lib/x86_64-linux-gnu/libnss_files-2.19.so
7fe6e4c90000-7fe6e4e8f000 ---p 0000b000 08:03 3932179                    /lib/x86_64-linux-gnu/libnss_files-2.19.so
7fe6e4e8f000-7fe6e4e90000 r--p 0000a000 08:03 3932179                    /lib/x86_64-linux-gnu/libnss_files-2.19.so
7fe6e4e90000-7fe6e4e91000 rw-p 0000b000 08:03 3932179                    /lib/x86_64-linux-gnu/libnss_files-2.19.so
7fe6e4e91000-7fe6e4e9c000 r-xp 00000000 08:03 3936174                    /lib/x86_64-linux-gnu/libnss_nis-2.19.so
7fe6e4e9c000-7fe6e509b000 ---p 0000b000 08:03 3936174                    /lib/x86_64-linux-gnu/libnss_nis-2.19.so
7fe6e509b000-7fe6e509c000 r--p 0000a000 08:03 3936174                    /lib/x86_64-linux-gnu/libnss_nis-2.19.so
7fe6e509c000-7fe6e509d000 rw-p 0000b000 08:03 3936174                    /lib/x86_64-linux-gnu/libnss_nis-2.19.so
7fe6e509d000-7fe6e50b4000 r-xp 00000000 08:03 3932256                    /lib/x86_64-linux-gnu/libnsl-2.19.so
7fe6e50b4000-7fe6e52b3000 ---p 00017000 08:03 3932256                    /lib/x86_64-linux-gnu/libnsl-2.19.so
7fe6e52b3000-7fe6e52b4000 r--p 00016000 08:03 3932256                    /lib/x86_64-linux-gnu/libnsl-2.19.so
7fe6e52b4000-7fe6e52b5000 rw-p 00017000 08:03 3932256                    /lib/x86_64-linux-gnu/libnsl-2.19.so
7fe6e52b5000-7fe6e52b7000 rw-p 00000000 00:00 0 
7fe6e52b7000-7fe6e52c0000 r-xp 00000000 08:03 3932255                    /lib/x86_64-linux-gnu/libnss_compat-2.19.so
7fe6e52c0000-7fe6e54bf000 ---p 00009000 08:03 3932255                    /lib/x86_64-linux-gnu/libnss_compat-2.19.so
7fe6e54bf000-7fe6e54c0000 r--p 00008000 08:03 3932255                    /lib/x86_64-linux-gnu/libnss_compat-2.19.so
7fe6e54c0000-7fe6e54c1000 rw-p 00009000 08:03 3932255                    /lib/x86_64-linux-gnu/libnss_compat-2.19.so
7fe6e54c1000-7fe6e54eb000 r-xp 00000000 08:03 2102145                    /usr/lib/jvm/java-8-oracle/jre/lib/amd64/libjava.so
7fe6e54eb000-7fe6e56eb000 ---p 0002a000 08:03 2102145                    /usr/lib/jvm/java-8-oracle/jre/lib/amd64/libjava.so
7fe6e56eb000-7fe6e56ed000 rw-p 0002a000 08:03 2102145                    /usr/lib/jvm/java-8-oracle/jre/lib/amd64/libjava.so
7fe6e56ed000-7fe6e56fa000 r-xp 00000000 08:03 2102177                    /usr/lib/jvm/java-8-oracle/jre/lib/amd64/libverify.so
7fe6e56fa000-7fe6e58fa000 ---p 0000d000 08:03 2102177                    /usr/lib/jvm/java-8-oracle/jre/lib/amd64/libverify.so
7fe6e58fa000-7fe6e58fc000 rw-p 0000d000 08:03 2102177                    /usr/lib/jvm/java-8-oracle/jre/lib/amd64/libverify.so
7fe6e58fc000-7fe6e5903000 r-xp 00000000 08:03 3932264                    /lib/x86_64-linux-gnu/librt-2.19.so
7fe6e5903000-7fe6e5b02000 ---p 00007000 08:03 3932264                    /lib/x86_64-linux-gnu/librt-2.19.so
7fe6e5b02000-7fe6e5b03000 r--p 00006000 08:03 3932264                    /lib/x86_64-linux-gnu/librt-2.19.so
7fe6e5b03000-7fe6e5b04000 rw-p 00007000 08:03 3932264                    /lib/x86_64-linux-gnu/librt-2.19.so
7fe6e5b04000-7fe6e5c09000 r-xp 00000000 08:03 3932175                    /lib/x86_64-linux-gnu/libm-2.19.so
7fe6e5c09000-7fe6e5e08000 ---p 00105000 08:03 3932175                    /lib/x86_64-linux-gnu/libm-2.19.so
7fe6e5e08000-7fe6e5e09000 r--p 00104000 08:03 3932175                    /lib/x86_64-linux-gnu/libm-2.19.so
7fe6e5e09000-7fe6e5e0a000 rw-p 00105000 08:03 3932175                    /lib/x86_64-linux-gnu/libm-2.19.so
7fe6e5e0a000-7fe6e6ac9000 r-xp 00000000 08:03 2102183                    /usr/lib/jvm/java-8-oracle/jre/lib/amd64/server/libjvm.so
7fe6e6ac9000-7fe6e6cc8000 ---p 00cbf000 08:03 2102183                    /usr/lib/jvm/java-8-oracle/jre/lib/amd64/server/libjvm.so
7fe6e6cc8000-7fe6e6da1000 rw-p 00cbe000 08:03 2102183                    /usr/lib/jvm/java-8-oracle/jre/lib/amd64/server/libjvm.so
7fe6e6da1000-7fe6e6dea000 rw-p 00000000 00:00 0 
7fe6e6dea000-7fe6e6fa5000 r-xp 00000000 08:03 3932261                    /lib/x86_64-linux-gnu/libc-2.19.so
7fe6e6fa5000-7fe6e71a4000 ---p 001bb000 08:03 3932261                    /lib/x86_64-linux-gnu/libc-2.19.so
7fe6e71a4000-7fe6e71a8000 r--p 001ba000 08:03 3932261                    /lib/x86_64-linux-gnu/libc-2.19.so
7fe6e71a8000-7fe6e71aa000 rw-p 001be000 08:03 3932261                    /lib/x86_64-linux-gnu/libc-2.19.so
7fe6e71aa000-7fe6e71af000 rw-p 00000000 00:00 0 
7fe6e71af000-7fe6e71b2000 r-xp 00000000 08:03 3932190                    /lib/x86_64-linux-gnu/libdl-2.19.so
7fe6e71b2000-7fe6e73b1000 ---p 00003000 08:03 3932190                    /lib/x86_64-linux-gnu/libdl-2.19.so
7fe6e73b1000-7fe6e73b2000 r--p 00002000 08:03 3932190                    /lib/x86_64-linux-gnu/libdl-2.19.so
7fe6e73b2000-7fe6e73b3000 rw-p 00003000 08:03 3932190                    /lib/x86_64-linux-gnu/libdl-2.19.so
7fe6e73b3000-7fe6e73c8000 r-xp 00000000 08:03 2102191                    /usr/lib/jvm/java-8-oracle/jre/lib/amd64/jli/libjli.so
7fe6e73c8000-7fe6e75c8000 ---p 00015000 08:03 2102191                    /usr/lib/jvm/java-8-oracle/jre/lib/amd64/jli/libjli.so
7fe6e75c8000-7fe6e75c9000 rw-p 00015000 08:03 2102191                    /usr/lib/jvm/java-8-oracle/jre/lib/amd64/jli/libjli.so
7fe6e75c9000-7fe6e75e2000 r-xp 00000000 08:03 3932262                    /lib/x86_64-linux-gnu/libpthread-2.19.so
7fe6e75e2000-7fe6e77e1000 ---p 00019000 08:03 3932262                    /lib/x86_64-linux-gnu/libpthread-2.19.so
7fe6e77e1000-7fe6e77e2000 r--p 00018000 08:03 3932262                    /lib/x86_64-linux-gnu/libpthread-2.19.so
7fe6e77e2000-7fe6e77e3000 rw-p 00019000 08:03 3932262                    /lib/x86_64-linux-gnu/libpthread-2.19.so
7fe6e77e3000-7fe6e77e7000 rw-p 00000000 00:00 0 
7fe6e77e7000-7fe6e780a000 r-xp 00000000 08:03 3932258                    /lib/x86_64-linux-gnu/ld-2.19.so
7fe6e780a000-7fe6e780d000 rw-p 00000000 00:00 0 
7fe6e780d000-7fe6e7830000 r--p 00000000 08:03 2626497                    /usr/share/locale-langpack/sv/LC_MESSAGES/libc.mo
7fe6e7830000-7fe6e78e3000 rw-p 00000000 00:00 0 
7fe6e78e3000-7fe6e78e6000 ---p 00000000 00:00 0 
7fe6e78e6000-7fe6e79e8000 rw-p 00000000 00:00 0                          [stack:10783]
7fe6e79e8000-7fe6e79ec000 r--s 00097000 08:03 1974225                    /usr/lib/jvm/java-8-oracle/jre/lib/jsse.jar
7fe6e79ec000-7fe6e79f6000 r--s 00116000 08:03 2625719                    /usr/lib/jvm/java-8-oracle/jre/lib/ext/localedata.jar
7fe6e79f6000-7fe6e79fd000 r--s 00000000 08:03 2239520                    /usr/lib/x86_64-linux-gnu/gconv/gconv-modules.cache
7fe6e79fd000-7fe6e7a05000 rw-s 00000000 08:03 2433                       /tmp/hsperfdata_kim/10782
7fe6e7a05000-7fe6e7a06000 rw-p 00000000 00:00 0 
7fe6e7a06000-7fe6e7a07000 r--p 00000000 00:00 0 
7fe6e7a07000-7fe6e7a09000 rw-p 00000000 00:00 0 
7fe6e7a09000-7fe6e7a0a000 r--p 00022000 08:03 3932258                    /lib/x86_64-linux-gnu/ld-2.19.so
7fe6e7a0a000-7fe6e7a0b000 rw-p 00023000 08:03 3932258                    /lib/x86_64-linux-gnu/ld-2.19.so
7fe6e7a0b000-7fe6e7a0c000 rw-p 00000000 00:00 0 
7fffe43c9000-7fffe43ea000 rw-p 00000000 00:00 0                          [stack]
7fffe43ec000-7fffe43ee000 r-xp 00000000 00:00 0                          [vdso]
7fffe43ee000-7fffe43f0000 r--p 00000000 00:00 0                          [vvar]
ffffffffff600000-ffffffffff601000 r-xp 00000000 00:00 0                  [vsyscall]

VM Arguments:
java_command: target/project17-server-1.0-SNAPSHOT-shaded.jar -p 56789 -c localhost:45678
java_class_path (initial): target/project17-server-1.0-SNAPSHOT-shaded.jar
Launcher Type: SUN_STANDARD

Environment Variables:
PATH=/home/kim/bin:/usr/local/sbin:/usr/local/bin:/usr/sbin:/usr/bin:/sbin:/bin:/usr/games:/usr/local/games
LD_LIBRARY_PATH=/home/kim/intellij/idea-IU-162.2032.8/bin:
SHELL=/usr/local/bin/fish
DISPLAY=:0

Signal Handlers:
SIGSEGV: [libjvm.so+0xabb070], sa_mask[0]=11111111011111111101111111111110, sa_flags=SA_RESTART|SA_SIGINFO
SIGBUS: [libjvm.so+0xabb070], sa_mask[0]=11111111011111111101111111111110, sa_flags=SA_RESTART|SA_SIGINFO
SIGFPE: [libjvm.so+0x918480], sa_mask[0]=11111111011111111101111111111110, sa_flags=SA_RESTART|SA_SIGINFO
SIGPIPE: [libjvm.so+0x918480], sa_mask[0]=11111111011111111101111111111110, sa_flags=SA_RESTART|SA_SIGINFO
SIGXFSZ: [libjvm.so+0x918480], sa_mask[0]=11111111011111111101111111111110, sa_flags=SA_RESTART|SA_SIGINFO
SIGILL: [libjvm.so+0x918480], sa_mask[0]=11111111011111111101111111111110, sa_flags=SA_RESTART|SA_SIGINFO
SIGUSR1: SIG_DFL, sa_mask[0]=00000000000000000000000000000000, sa_flags=none
SIGUSR2: [libjvm.so+0x919ab0], sa_mask[0]=00000000000000000000000000000000, sa_flags=SA_RESTART|SA_SIGINFO
SIGHUP: [libjvm.so+0x91aeb0], sa_mask[0]=11111111011111111101111111111110, sa_flags=SA_RESTART|SA_SIGINFO
SIGINT: [libjvm.so+0x91aeb0], sa_mask[0]=11111111011111111101111111111110, sa_flags=SA_RESTART|SA_SIGINFO
SIGTERM: [libjvm.so+0x91aeb0], sa_mask[0]=11111111011111111101111111111110, sa_flags=SA_RESTART|SA_SIGINFO
SIGQUIT: [libjvm.so+0x91aeb0], sa_mask[0]=11111111011111111101111111111110, sa_flags=SA_RESTART|SA_SIGINFO


---------------  S Y S T E M  ---------------

OS:DISTRIB_ID=Ubuntu
DISTRIB_RELEASE=14.04
DISTRIB_CODENAME=trusty
DISTRIB_DESCRIPTION="Ubuntu 14.04.3 LTS"

uname:Linux 3.16.0-60-generic #80~14.04.1-Ubuntu SMP Wed Jan 20 13:37:48 UTC 2016 x86_64
libc:glibc 2.19 NPTL 2.19 
rlimit: STACK 8192k, CORE 0k, NPROC 71901, NOFILE 4096, AS infinity
load average:1,53 0,99 0,89

/proc/meminfo:
MemTotal:       18428240 kB
MemFree:        11592060 kB
MemAvailable:   13126608 kB
Buffers:          165072 kB
Cached:          1775756 kB
SwapCached:            0 kB
Active:          5485360 kB
Inactive:         971880 kB
Active(anon):    4519152 kB
Inactive(anon):   279536 kB
Active(file):     966208 kB
Inactive(file):   692344 kB
Unevictable:          32 kB
Mlocked:              32 kB
SwapTotal:       4745212 kB
SwapFree:        4745212 kB
Dirty:             17140 kB
Writeback:          4560 kB
AnonPages:       4516920 kB
Mapped:           614164 kB
Shmem:            281772 kB
Slab:             129796 kB
SReclaimable:      89844 kB
SUnreclaim:        39952 kB
KernelStack:       15888 kB
PageTables:        48872 kB
NFS_Unstable:          0 kB
Bounce:                0 kB
WritebackTmp:          0 kB
CommitLimit:    13959332 kB
Committed_AS:   11930776 kB
VmallocTotal:   34359738367 kB
VmallocUsed:      382100 kB
VmallocChunk:   34359231984 kB
HardwareCorrupted:     0 kB
AnonHugePages:   1726464 kB
HugePages_Total:       0
HugePages_Free:        0
HugePages_Rsvd:        0
HugePages_Surp:        0
Hugepagesize:       2048 kB
DirectMap4k:       96156 kB
DirectMap2M:    18708480 kB


CPU:total 8 (4 cores per cpu, 2 threads per core) family 6 model 30 stepping 5, cmov, cx8, fxsr, mmx, sse, sse2, sse3, ssse3, sse4.1, sse4.2, popcnt, ht, tsc, tscinvbit

/proc/cpuinfo:
processor	: 0
vendor_id	: GenuineIntel
cpu family	: 6
model		: 30
model name	: Intel(R) Core(TM) i7 CPU       Q 720  @ 1.60GHz
stepping	: 5
microcode	: 0x5
cpu MHz		: 933.000
cache size	: 6144 KB
physical id	: 0
siblings	: 8
core id		: 0
cpu cores	: 4
apicid		: 0
initial apicid	: 0
fpu		: yes
fpu_exception	: yes
cpuid level	: 11
wp		: yes
flags		: fpu vme de pse tsc msr pae mce cx8 apic sep mtrr pge mca cmov pat pse36 clflush dts acpi mmx fxsr sse sse2 ss ht tm pbe syscall nx rdtscp lm constant_tsc arch_perfmon pebs bts rep_good nopl xtopology nonstop_tsc aperfmperf pni dtes64 monitor ds_cpl vmx smx est tm2 ssse3 cx16 xtpr pdcm sse4_1 sse4_2 popcnt lahf_lm ida dtherm tpr_shadow vnmi flexpriority ept vpid
bogomips	: 3192.17
clflush size	: 64
cache_alignment	: 64
address sizes	: 36 bits physical, 48 bits virtual
power management:

processor	: 1
vendor_id	: GenuineIntel
cpu family	: 6
model		: 30
model name	: Intel(R) Core(TM) i7 CPU       Q 720  @ 1.60GHz
stepping	: 5
microcode	: 0x5
cpu MHz		: 1600.000
cache size	: 6144 KB
physical id	: 0
siblings	: 8
core id		: 0
cpu cores	: 4
apicid		: 1
initial apicid	: 1
fpu		: yes
fpu_exception	: yes
cpuid level	: 11
wp		: yes
flags		: fpu vme de pse tsc msr pae mce cx8 apic sep mtrr pge mca cmov pat pse36 clflush dts acpi mmx fxsr sse sse2 ss ht tm pbe syscall nx rdtscp lm constant_tsc arch_perfmon pebs bts rep_good nopl xtopology nonstop_tsc aperfmperf pni dtes64 monitor ds_cpl vmx smx est tm2 ssse3 cx16 xtpr pdcm sse4_1 sse4_2 popcnt lahf_lm ida dtherm tpr_shadow vnmi flexpriority ept vpid
bogomips	: 3192.17
clflush size	: 64
cache_alignment	: 64
address sizes	: 36 bits physical, 48 bits virtual
power management:

processor	: 2
vendor_id	: GenuineIntel
cpu family	: 6
model		: 30
model name	: Intel(R) Core(TM) i7 CPU       Q 720  @ 1.60GHz
stepping	: 5
microcode	: 0x5
cpu MHz		: 1199.000
cache size	: 6144 KB
physical id	: 0
siblings	: 8
core id		: 1
cpu cores	: 4
apicid		: 2
initial apicid	: 2
fpu		: yes
fpu_exception	: yes
cpuid level	: 11
wp		: yes
flags		: fpu vme de pse tsc msr pae mce cx8 apic sep mtrr pge mca cmov pat pse36 clflush dts acpi mmx fxsr sse sse2 ss ht tm pbe syscall nx rdtscp lm constant_tsc arch_perfmon pebs bts rep_good nopl xtopology nonstop_tsc aperfmperf pni dtes64 monitor ds_cpl vmx smx est tm2 ssse3 cx16 xtpr pdcm sse4_1 sse4_2 popcnt lahf_lm ida dtherm tpr_shadow vnmi flexpriority ept vpid
bogomips	: 3192.17
clflush size	: 64
cache_alignment	: 64
address sizes	: 36 bits physical, 48 bits virtual
power management:

processor	: 3
vendor_id	: GenuineIntel
cpu family	: 6
model		: 30
model name	: Intel(R) Core(TM) i7 CPU       Q 720  @ 1.60GHz
stepping	: 5
microcode	: 0x5
cpu MHz		: 933.000
cache size	: 6144 KB
physical id	: 0
siblings	: 8
core id		: 1
cpu cores	: 4
apicid		: 3
initial apicid	: 3
fpu		: yes
fpu_exception	: yes
cpuid level	: 11
wp		: yes
flags		: fpu vme de pse tsc msr pae mce cx8 apic sep mtrr pge mca cmov pat pse36 clflush dts acpi mmx fxsr sse sse2 ss ht tm pbe syscall nx rdtscp lm constant_tsc arch_perfmon pebs bts rep_good nopl xtopology nonstop_tsc aperfmperf pni dtes64 monitor ds_cpl vmx smx est tm2 ssse3 cx16 xtpr pdcm sse4_1 sse4_2 popcnt lahf_lm ida dtherm tpr_shadow vnmi flexpriority ept vpid
bogomips	: 3192.17
clflush size	: 64
cache_alignment	: 64
address sizes	: 36 bits physical, 48 bits virtual
power management:

processor	: 4
vendor_id	: GenuineIntel
cpu family	: 6
model		: 30
model name	: Intel(R) Core(TM) i7 CPU       Q 720  @ 1.60GHz
stepping	: 5
microcode	: 0x5
cpu MHz		: 1199.000
cache size	: 6144 KB
physical id	: 0
siblings	: 8
core id		: 2
cpu cores	: 4
apicid		: 4
initial apicid	: 4
fpu		: yes
fpu_exception	: yes
cpuid level	: 11
wp		: yes
flags		: fpu vme de pse tsc msr pae mce cx8 apic sep mtrr pge mca cmov pat pse36 clflush dts acpi mmx fxsr sse sse2 ss ht tm pbe syscall nx rdtscp lm constant_tsc arch_perfmon pebs bts rep_good nopl xtopology nonstop_tsc aperfmperf pni dtes64 monitor ds_cpl vmx smx est tm2 ssse3 cx16 xtpr pdcm sse4_1 sse4_2 popcnt lahf_lm ida dtherm tpr_shadow vnmi flexpriority ept vpid
bogomips	: 3192.17
clflush size	: 64
cache_alignment	: 64
address sizes	: 36 bits physical, 48 bits virtual
power management:

processor	: 5
vendor_id	: GenuineIntel
cpu family	: 6
model		: 30
model name	: Intel(R) Core(TM) i7 CPU       Q 720  @ 1.60GHz
stepping	: 5
microcode	: 0x5
cpu MHz		: 933.000
cache size	: 6144 KB
physical id	: 0
siblings	: 8
core id		: 2
cpu cores	: 4
apicid		: 5
initial apicid	: 5
fpu		: yes
fpu_exception	: yes
cpuid level	: 11
wp		: yes
flags		: fpu vme de pse tsc msr pae mce cx8 apic sep mtrr pge mca cmov pat pse36 clflush dts acpi mmx fxsr sse sse2 ss ht tm pbe syscall nx rdtscp lm constant_tsc arch_perfmon pebs bts rep_good nopl xtopology nonstop_tsc aperfmperf pni dtes64 monitor ds_cpl vmx smx est tm2 ssse3 cx16 xtpr pdcm sse4_1 sse4_2 popcnt lahf_lm ida dtherm tpr_shadow vnmi flexpriority ept vpid
bogomips	: 3192.17
clflush size	: 64
cache_alignment	: 64
address sizes	: 36 bits physical, 48 bits virtual
power management:

processor	: 6
vendor_id	: GenuineIntel
cpu family	: 6
model		: 30
model name	: Intel(R) Core(TM) i7 CPU       Q 720  @ 1.60GHz
stepping	: 5
microcode	: 0x5
cpu MHz		: 1599.000
cache size	: 6144 KB
physical id	: 0
siblings	: 8
core id		: 3
cpu cores	: 4
apicid		: 6
initial apicid	: 6
fpu		: yes
fpu_exception	: yes
cpuid level	: 11
wp		: yes
flags		: fpu vme de pse tsc msr pae mce cx8 apic sep mtrr pge mca cmov pat pse36 clflush dts acpi mmx fxsr sse sse2 ss ht tm pbe syscall nx rdtscp lm constant_tsc arch_perfmon pebs bts rep_good nopl xtopology nonstop_tsc aperfmperf pni dtes64 monitor ds_cpl vmx smx est tm2 ssse3 cx16 xtpr pdcm sse4_1 sse4_2 popcnt lahf_lm ida dtherm tpr_shadow vnmi flexpriority ept vpid
bogomips	: 3192.17
clflush size	: 64
cache_alignment	: 64
address sizes	: 36 bits physical, 48 bits virtual
power management:

processor	: 7
vendor_id	: GenuineIntel
cpu family	: 6
model		: 30
model name	: Intel(R) Core(TM) i7 CPU       Q 720  @ 1.60GHz
stepping	: 5
microcode	: 0x5
cpu MHz		: 933.000
cache size	: 6144 KB
physical id	: 0
siblings	: 8
core id		: 3
cpu cores	: 4
apicid		: 7
initial apicid	: 7
fpu		: yes
fpu_exception	: yes
cpuid level	: 11
wp		: yes
flags		: fpu vme de pse tsc msr pae mce cx8 apic sep mtrr pge mca cmov pat pse36 clflush dts acpi mmx fxsr sse sse2 ss ht tm pbe syscall nx rdtscp lm constant_tsc arch_perfmon pebs bts rep_good nopl xtopology nonstop_tsc aperfmperf pni dtes64 monitor ds_cpl vmx smx est tm2 ssse3 cx16 xtpr pdcm sse4_1 sse4_2 popcnt lahf_lm ida dtherm tpr_shadow vnmi flexpriority ept vpid
bogomips	: 3192.17
clflush size	: 64
cache_alignment	: 64
address sizes	: 36 bits physical, 48 bits virtual
power management:



Memory: 4k page, physical 18428240k(11592060k free), swap 4745212k(4745212k free)

vm_info: Java HotSpot(TM) 64-Bit Server VM (25.72-b15) for linux-amd64 JRE (1.8.0_72-b15), built on Dec 22 2015 22:00:07 by "java_re" with gcc 4.3.0 20080428 (Red Hat 4.3.0-8)

time: Sat Feb 18 00:31:13 2017
elapsed time: 530 seconds (0d 0h 8m 50s)

