#
# A fatal error has been detected by the Java Runtime Environment:
#
#  SIGBUS (0x7) at pc=0x00007f85479dea32, pid=10949, tid=140209370478336
#
# JRE version: Java(TM) SE Runtime Environment (8.0_72-b15) (build 1.8.0_72-b15)
# Java VM: Java HotSpot(TM) 64-Bit Server VM (25.72-b15 mixed mode linux-amd64 compressed oops)
# Problematic frame:
# C  [libzip.so+0x11a32]  newEntry+0x62
#
# Failed to write core dump. Core dumps have been disabled. To enable core dumping, try "ulimit -c unlimited" before starting Java again
#
# If you would like to submit a bug report, please visit:
#   http://bugreport.java.com/bugreport/crash.jsp
# The crash happened outside the Java Virtual Machine in native code.
# See problematic frame for where to report the bug.
#

---------------  T H R E A D  ---------------

Current thread (0x00007f84cc34c000):  JavaThread "nioEventLoopGroup-0-7" daemon [_thread_in_native, id=11731, stack(0x00007f8509a8b000,0x00007f8509b8c000)]

siginfo: si_signo: 7 (SIGBUS), si_code: 2 (BUS_ADRERR), si_addr: 0x00007f8509f09dd5

Registers:
RAX=0x00007f84d4003860, RBX=0x00007f854823d6e0, RCX=0x00007f84d4000020, RDX=0x00007f84d4003860
RSP=0x00007f8509b87c40, RBP=0x00007f8509b87c90, RSI=0x00007f84d4000038, RDI=0x0000000000000000
R8 =0x0000000000000003, R9 =0x00007f8509b87d10, R10=0x00007f8538b53058, R11=0x00007f854e06ca30
R12=0x00007f8509f09db8, R13=0x00007f84d4003860, R14=0x000000005582cf2a, R15=0x00007f8548246170
RIP=0x00007f85479dea32, EFLAGS=0x0000000000010206, CSGSFS=0x0000000000000033, ERR=0x0000000000000004
  TRAPNO=0x000000000000000e

Top of Stack: (sp=0x00007f8509b87c40)
0x00007f8509b87c40:   00007f84ba3457b0 00007f8400000000
0x00007f8509b87c50:   00000007c00007a8 00007f854d7dc75e
0x00007f8509b87c60:   00007f84d4003860 00007f854823d6e0
0x00007f8509b87c70:   00007f84c0002240 00007f8548246170
0x00007f8509b87c80:   000000005582cf2a 0000000000000037
0x00007f8509b87c90:   00007f8509b87cf0 00007f85479df18f
0x00007f8509b87ca0:   00007f84cc34c000 01007f85bbc2daa0
0x00007f8509b87cb0:   00007f8509b87d10 00007f8509b87d48
0x00007f8509b87cc0:   00007f8509b87d46 00007f8509b87d10
0x00007f8509b87cd0:   0000000000000037 00007f84cc34c1f8
0x00007f8509b87ce0:   00007f8509b88168 0000000000000001
0x00007f8509b87cf0:   00007f8509b88150 00007f85479d0ec0
0x00007f8509b87d00:   00007f84bbc264b0 00007f8548246170
0x00007f8509b87d10:   797474656e2f6f69 6c656e6e6168632f
0x00007f8509b87d20:   636172747362412f 6c656e6e61684374
0x00007f8509b87d30:   6361727473624124 24656661736e5574
0x00007f8509b87d40:   007373616c632e37 00007f854df60749
0x00007f8509b87d50:   00007f8509b88370 00007f8509b88360
0x00007f8509b87d60:   00007f854df33029 00007f854da203ea
0x00007f8509b87d70:   00007f854da203e8 00007f854df2f4ea
0x00007f8509b87d80:   00007f8509b87e10 00007f8509b87e60
0x00007f8509b87d90:   00007f8509b87ef0 0000000000000093
0x00007f8509b87da0:   00007f8509b87eb0 00007f8500000000
0x00007f8509b87db0:   00007f8509b87ee0 00007f84cc1b68b0
0x00007f8509b87dc0:   01007f84bbda2960 00007f8509b87e90
0x00007f8509b87dd0:   00000007c0175610 00007f8500000000
0x00007f8509b87de0:   0000000009b87e30 00007f8500000000
0x00007f8509b87df0:   0000000000000000 0000000000000000
0x00007f8509b87e00:   00007f84ba4c76d0 0000000000000000
0x00007f8509b87e10:   00007f8400000000 00007f8400000000
0x00007f8509b87e20:   00007f840000003f 00007f8400000000
0x00007f8509b87e30:   0000000000000000 00007f854df60749 

Instructions: (pc=0x00007f85479dea32)
0x00007f85479dea12:   00 48 c7 40 28 00 00 00 00 41 80 7f 30 00 0f 84
0x00007f85479dea22:   8a 02 00 00 4c 8b 63 08 4d 2b 67 28 4d 03 67 18
0x00007f85479dea32:   41 0f b6 5c 24 1d 41 0f b6 44 24 1c c1 e3 08 09
0x00007f85479dea42:   c3 41 0f b6 44 24 1e 88 45 bd 41 0f b6 54 24 20 

Register to memory mapping:

RAX=0x00007f84d4003860 is an unknown value
RBX=0x00007f854823d6e0 is an unknown value
RCX=0x00007f84d4000020 is an unknown value
RDX=0x00007f84d4003860 is an unknown value
RSP=0x00007f8509b87c40 is pointing into the stack for thread: 0x00007f84cc34c000
RBP=0x00007f8509b87c90 is pointing into the stack for thread: 0x00007f84cc34c000
RSI=0x00007f84d4000038 is an unknown value
RDI=0x0000000000000000 is an unknown value
R8 =0x0000000000000003 is an unknown value
R9 =0x00007f8509b87d10 is pointing into the stack for thread: 0x00007f84cc34c000
R10=0x00007f8538b53058 is at entry_point+88 in (nmethod*)0x00007f8538b52e90
R11=0x00007f854e06ca30: <offset 0x187a30> in /lib/x86_64-linux-gnu/libc.so.6 at 0x00007f854dee5000
R12=0x00007f8509f09db8 is an unknown value
R13=0x00007f84d4003860 is an unknown value
R14=0x000000005582cf2a is an unknown value
R15=0x00007f8548246170 is an unknown value


Stack: [0x00007f8509a8b000,0x00007f8509b8c000],  sp=0x00007f8509b87c40,  free space=1011k
Native frames: (J=compiled Java code, j=interpreted, Vv=VM code, C=native code)
C  [libzip.so+0x11a32]  newEntry+0x62
C  [libzip.so+0x1218f]  ZIP_GetEntry2+0xff
C  [libzip.so+0x3ec0]  Java_java_util_zip_ZipFile_getEntry+0xf0
J 233  java.util.zip.ZipFile.getEntry(J[BZ)J (0 bytes) @ 0x00007f8538b530ce [0x00007f8538b53000+0xce]
J 252 C1 java.util.zip.ZipFile.getEntry(Ljava/lang/String;)Ljava/util/zip/ZipEntry; (86 bytes) @ 0x00007f8538b5f5cc [0x00007f8538b5f360+0x26c]
J 251 C1 java.util.jar.JarFile.getEntry(Ljava/lang/String;)Ljava/util/zip/ZipEntry; (22 bytes) @ 0x00007f8538b5fea4 [0x00007f8538b5fe20+0x84]
J 359 C2 sun.misc.URLClassPath$JarLoader.getResource(Ljava/lang/String;Z)Lsun/misc/Resource; (85 bytes) @ 0x00007f8538bcf56c [0x00007f8538bcf360+0x20c]
J 122 C1 sun.misc.URLClassPath.getResource(Ljava/lang/String;Z)Lsun/misc/Resource; (83 bytes) @ 0x00007f8538b1222c [0x00007f8538b120c0+0x16c]
J 243 C1 java.net.URLClassLoader$1.run()Ljava/lang/Class; (63 bytes) @ 0x00007f8538b5982c [0x00007f8538b59620+0x20c]
J 201 C1 java.net.URLClassLoader$1.run()Ljava/lang/Object; (5 bytes) @ 0x00007f8538b3c20c [0x00007f8538b3c180+0x8c]
v  ~StubRoutines::call_stub
V  [libjvm.so+0x68c616]  JavaCalls::call_helper(JavaValue*, methodHandle*, JavaCallArguments*, Thread*)+0x1056
V  [libjvm.so+0x7252dc]  JVM_DoPrivileged+0x27c
J 200  java.security.AccessController.doPrivileged(Ljava/security/PrivilegedExceptionAction;Ljava/security/AccessControlContext;)Ljava/lang/Object; (0 bytes) @ 0x00007f8538b3b7d5 [0x00007f8538b3b700+0xd5]
J 156 C1 java.net.URLClassLoader.findClass(Ljava/lang/String;)Ljava/lang/Class; (47 bytes) @ 0x00007f8538b249d4 [0x00007f8538b24840+0x194]
J 93 C1 java.lang.ClassLoader.loadClass(Ljava/lang/String;Z)Ljava/lang/Class; (122 bytes) @ 0x00007f8538b008e4 [0x00007f8538afff80+0x964]
J 245 C1 sun.misc.Launcher$AppClassLoader.loadClass(Ljava/lang/String;Z)Ljava/lang/Class; (85 bytes) @ 0x00007f8538b5ca24 [0x00007f8538b5c080+0x9a4]
J 168 C1 java.lang.ClassLoader.loadClass(Ljava/lang/String;)Ljava/lang/Class; (7 bytes) @ 0x00007f8538b2a344 [0x00007f8538b2a240+0x104]
v  ~StubRoutines::call_stub
V  [libjvm.so+0x68c616]  JavaCalls::call_helper(JavaValue*, methodHandle*, JavaCallArguments*, Thread*)+0x1056
V  [libjvm.so+0x68cb21]  JavaCalls::call_virtual(JavaValue*, KlassHandle, Symbol*, Symbol*, JavaCallArguments*, Thread*)+0x321
V  [libjvm.so+0x68cf76]  JavaCalls::call_virtual(JavaValue*, Handle, KlassHandle, Symbol*, Symbol*, Handle, Thread*)+0x56
V  [libjvm.so+0xa31a30]  SystemDictionary::load_instance_class(Symbol*, Handle, Thread*)+0x3f0
V  [libjvm.so+0xa3091c]  SystemDictionary::resolve_instance_class_or_null(Symbol*, Handle, Handle, Thread*)+0x7cc
V  [libjvm.so+0xa31e53]  SystemDictionary::resolve_or_fail(Symbol*, Handle, Handle, bool, Thread*)+0x33
V  [libjvm.so+0x4f0ce8]  ConstantPool::klass_at_impl(constantPoolHandle, int, Thread*)+0x158
V  [libjvm.so+0x680ad1]  InterpreterRuntime::_new(JavaThread*, ConstantPool*, int)+0x71
j  io.netty.channel.AbstractChannel$AbstractUnsafe.closeAndDeregister(Lio/netty/channel/ChannelOutboundBuffer;ZLio/netty/channel/ChannelPromise;Ljava/lang/Throwable;)V+29
j  io.netty.channel.AbstractChannel$AbstractUnsafe.close(Lio/netty/channel/ChannelPromise;)V+153
j  io.netty.channel.nio.AbstractNioByteChannel$NioByteUnsafe.closeOnRead(Lio/netty/channel/ChannelPipeline;)V+86
J 1822 C1 io.netty.channel.nio.AbstractNioByteChannel$NioByteUnsafe.read()V (340 bytes) @ 0x00007f8538ef5824 [0x00007f8538ef35e0+0x2244]
J 1887 C1 io.netty.channel.nio.NioEventLoop.processSelectedKey(Ljava/nio/channels/SelectionKey;Lio/netty/channel/nio/AbstractNioChannel;)V (120 bytes) @ 0x00007f8538f4c2ac [0x00007f8538f4bdc0+0x4ec]
J 1256 C1 io.netty.channel.nio.NioEventLoop.processSelectedKeysOptimized([Ljava/nio/channels/SelectionKey;)V (103 bytes) @ 0x00007f8538b2d6d4 [0x00007f8538b2d200+0x4d4]
J 1333 C1 io.netty.channel.nio.NioEventLoop.run()V (164 bytes) @ 0x00007f8538ddcf74 [0x00007f8538ddc320+0xc54]
J 1331 C1 io.netty.util.concurrent.SingleThreadEventExecutor$2.run()V (67 bytes) @ 0x00007f8538ddaa5c [0x00007f8538dda640+0x41c]
J 1330 C1 io.netty.util.internal.chmv8.ForkJoinTask$RunnableExecuteAction.exec()Z (11 bytes) @ 0x00007f8538dd890c [0x00007f8538dd8800+0x10c]
J 1329 C1 io.netty.util.internal.chmv8.ForkJoinTask.doExec()I (37 bytes) @ 0x00007f8538dd8dcc [0x00007f8538dd8c80+0x14c]
J 1463 C2 io.netty.util.internal.chmv8.ForkJoinPool.scan(Lio/netty/util/internal/chmv8/ForkJoinPool$WorkQueue;I)I (317 bytes) @ 0x00007f8538b23cf0 [0x00007f8538b23b40+0x1b0]
j  io.netty.util.internal.chmv8.ForkJoinPool.runWorker(Lio/netty/util/internal/chmv8/ForkJoinPool$WorkQueue;)V+13
j  io.netty.util.internal.chmv8.ForkJoinWorkerThread.run()V+14
v  ~StubRoutines::call_stub
V  [libjvm.so+0x68c616]  JavaCalls::call_helper(JavaValue*, methodHandle*, JavaCallArguments*, Thread*)+0x1056
V  [libjvm.so+0x68cb21]  JavaCalls::call_virtual(JavaValue*, KlassHandle, Symbol*, Symbol*, JavaCallArguments*, Thread*)+0x321
V  [libjvm.so+0x68cfc7]  JavaCalls::call_virtual(JavaValue*, Handle, KlassHandle, Symbol*, Symbol*, Thread*)+0x47
V  [libjvm.so+0x723d80]  thread_entry(JavaThread*, Thread*)+0xa0
V  [libjvm.so+0xa69dcf]  JavaThread::thread_main_inner()+0xdf
V  [libjvm.so+0xa69efc]  JavaThread::run()+0x11c
V  [libjvm.so+0x91d9d8]  java_start(Thread*)+0x108
C  [libpthread.so.0+0x8182]  start_thread+0xc2

Java frames: (J=compiled Java code, j=interpreted, Vv=VM code)
J 233  java.util.zip.ZipFile.getEntry(J[BZ)J (0 bytes) @ 0x00007f8538b53058 [0x00007f8538b53000+0x58]
J 252 C1 java.util.zip.ZipFile.getEntry(Ljava/lang/String;)Ljava/util/zip/ZipEntry; (86 bytes) @ 0x00007f8538b5f5cc [0x00007f8538b5f360+0x26c]
J 251 C1 java.util.jar.JarFile.getEntry(Ljava/lang/String;)Ljava/util/zip/ZipEntry; (22 bytes) @ 0x00007f8538b5fea4 [0x00007f8538b5fe20+0x84]
J 359 C2 sun.misc.URLClassPath$JarLoader.getResource(Ljava/lang/String;Z)Lsun/misc/Resource; (85 bytes) @ 0x00007f8538bcf56c [0x00007f8538bcf360+0x20c]
J 122 C1 sun.misc.URLClassPath.getResource(Ljava/lang/String;Z)Lsun/misc/Resource; (83 bytes) @ 0x00007f8538b1222c [0x00007f8538b120c0+0x16c]
J 243 C1 java.net.URLClassLoader$1.run()Ljava/lang/Class; (63 bytes) @ 0x00007f8538b5982c [0x00007f8538b59620+0x20c]
J 201 C1 java.net.URLClassLoader$1.run()Ljava/lang/Object; (5 bytes) @ 0x00007f8538b3c20c [0x00007f8538b3c180+0x8c]
v  ~StubRoutines::call_stub
J 200  java.security.AccessController.doPrivileged(Ljava/security/PrivilegedExceptionAction;Ljava/security/AccessControlContext;)Ljava/lang/Object; (0 bytes) @ 0x00007f8538b3b763 [0x00007f8538b3b700+0x63]
J 156 C1 java.net.URLClassLoader.findClass(Ljava/lang/String;)Ljava/lang/Class; (47 bytes) @ 0x00007f8538b249d4 [0x00007f8538b24840+0x194]
J 93 C1 java.lang.ClassLoader.loadClass(Ljava/lang/String;Z)Ljava/lang/Class; (122 bytes) @ 0x00007f8538b008e4 [0x00007f8538afff80+0x964]
J 245 C1 sun.misc.Launcher$AppClassLoader.loadClass(Ljava/lang/String;Z)Ljava/lang/Class; (85 bytes) @ 0x00007f8538b5ca24 [0x00007f8538b5c080+0x9a4]
J 168 C1 java.lang.ClassLoader.loadClass(Ljava/lang/String;)Ljava/lang/Class; (7 bytes) @ 0x00007f8538b2a344 [0x00007f8538b2a240+0x104]
v  ~StubRoutines::call_stub
j  io.netty.channel.AbstractChannel$AbstractUnsafe.closeAndDeregister(Lio/netty/channel/ChannelOutboundBuffer;ZLio/netty/channel/ChannelPromise;Ljava/lang/Throwable;)V+29
j  io.netty.channel.AbstractChannel$AbstractUnsafe.close(Lio/netty/channel/ChannelPromise;)V+153
j  io.netty.channel.nio.AbstractNioByteChannel$NioByteUnsafe.closeOnRead(Lio/netty/channel/ChannelPipeline;)V+86
J 1822 C1 io.netty.channel.nio.AbstractNioByteChannel$NioByteUnsafe.read()V (340 bytes) @ 0x00007f8538ef5824 [0x00007f8538ef35e0+0x2244]
J 1887 C1 io.netty.channel.nio.NioEventLoop.processSelectedKey(Ljava/nio/channels/SelectionKey;Lio/netty/channel/nio/AbstractNioChannel;)V (120 bytes) @ 0x00007f8538f4c2ac [0x00007f8538f4bdc0+0x4ec]
J 1256 C1 io.netty.channel.nio.NioEventLoop.processSelectedKeysOptimized([Ljava/nio/channels/SelectionKey;)V (103 bytes) @ 0x00007f8538b2d6d4 [0x00007f8538b2d200+0x4d4]
J 1333 C1 io.netty.channel.nio.NioEventLoop.run()V (164 bytes) @ 0x00007f8538ddcf74 [0x00007f8538ddc320+0xc54]
J 1331 C1 io.netty.util.concurrent.SingleThreadEventExecutor$2.run()V (67 bytes) @ 0x00007f8538ddaa5c [0x00007f8538dda640+0x41c]
J 1330 C1 io.netty.util.internal.chmv8.ForkJoinTask$RunnableExecuteAction.exec()Z (11 bytes) @ 0x00007f8538dd890c [0x00007f8538dd8800+0x10c]
J 1329 C1 io.netty.util.internal.chmv8.ForkJoinTask.doExec()I (37 bytes) @ 0x00007f8538dd8dcc [0x00007f8538dd8c80+0x14c]
J 1463 C2 io.netty.util.internal.chmv8.ForkJoinPool.scan(Lio/netty/util/internal/chmv8/ForkJoinPool$WorkQueue;I)I (317 bytes) @ 0x00007f8538b23cf0 [0x00007f8538b23b40+0x1b0]
j  io.netty.util.internal.chmv8.ForkJoinPool.runWorker(Lio/netty/util/internal/chmv8/ForkJoinPool$WorkQueue;)V+13
j  io.netty.util.internal.chmv8.ForkJoinWorkerThread.run()V+14
v  ~StubRoutines::call_stub

---------------  P R O C E S S  ---------------

Java Threads: ( => current thread )
=>0x00007f84cc34c000 JavaThread "nioEventLoopGroup-0-7" daemon [_thread_in_native, id=11731, stack(0x00007f8509a8b000,0x00007f8509b8c000)]
  0x00007f84c0002800 JavaThread "Kompics-worker-9" [_thread_blocked, id=11402, stack(0x00007f84b87e2000,0x00007f84b88e3000)]
  0x00007f84cc350800 JavaThread "nioEventLoopGroup-0-6" daemon [_thread_blocked, id=11388, stack(0x00007f84b88e3000,0x00007f84b89e4000)]
  0x00007f8494032000 JavaThread "nioEventLoopGroup-0-5" daemon [_thread_blocked, id=11330, stack(0x00007f84b89e4000,0x00007f84b8ae5000)]
  0x00007f84d0001000 JavaThread "nioEventLoopGroup-0-4" daemon [_thread_blocked, id=11329, stack(0x00007f8508515000,0x00007f8508616000)]
  0x00007f8490009800 JavaThread "nioEventLoopGroup-0-3" daemon [_thread_blocked, id=11249, stack(0x00007f8508414000,0x00007f8508515000)]
  0x00007f847c001000 JavaThread "nioEventLoopGroup-3-7" daemon [_thread_blocked, id=11238, stack(0x00007f84b8ae5000,0x00007f84b8be6000)]
  0x00007f8488004000 JavaThread "nioEventLoopGroup-3-5" daemon [_thread_blocked, id=11237, stack(0x00007f84b8be6000,0x00007f84b8ce7000)]
  0x00007f8484007000 JavaThread "nioEventLoopGroup-3-6" daemon [_thread_blocked, id=11236, stack(0x00007f8508212000,0x00007f8508313000)]
  0x00007f84bc001000 JavaThread "nioEventLoopGroup-3-4" daemon [_thread_blocked, id=11235, stack(0x00007f8508313000,0x00007f8508414000)]
  0x00007f848400b800 JavaThread "nioEventLoopGroup-3-3" daemon [_thread_blocked, id=11225, stack(0x00007f8508111000,0x00007f8508212000)]
  0x00007f8488001800 JavaThread "nioEventLoopGroup-3-2" daemon [_thread_in_Java, id=11092, stack(0x00007f84b8ce7000,0x00007f84b8de8000)]
  0x00007f8484001800 JavaThread "nioEventLoopGroup-3-1" daemon [_thread_blocked, id=11004, stack(0x00007f84b8de8000,0x00007f84b8ee9000)]
  0x00007f84b4004800 JavaThread "nioEventLoopGroup-3-0" daemon [_thread_blocked, id=11003, stack(0x00007f84b8ee9000,0x00007f84b8fea000)]
  0x00007f849404c000 JavaThread "nioEventLoopGroup-0-2" daemon [_thread_blocked, id=11002, stack(0x00007f84b8fea000,0x00007f84b90eb000)]
  0x00007f849400f000 JavaThread "threadDeathWatcher-2-1" daemon [_thread_blocked, id=10995, stack(0x00007f84ba0ec000,0x00007f84ba1ed000)]
  0x00007f849400b000 JavaThread "nioEventLoopGroup-0-1" daemon [_thread_blocked, id=10993, stack(0x00007f84ba1ed000,0x00007f84ba2ee000)]
  0x00007f84d0006800 JavaThread "nioEventLoopGroup-0-0" daemon [_thread_blocked, id=10992, stack(0x00007f84ba4ee000,0x00007f84ba5ef000)]
  0x00007f849c001000 JavaThread "nioEventLoopGroup-6-1" daemon [_thread_blocked, id=10991, stack(0x00007f84ba5ef000,0x00007f84ba6f0000)]
  0x00007f84cc336800 JavaThread "nioEventLoopGroup-6-0" daemon [_thread_in_native, id=10990, stack(0x00007f84ba6f0000,0x00007f84ba7f1000)]
  0x00007f84b0019000 JavaThread "nioEventLoopGroup-4-1" daemon [_thread_in_native, id=10989, stack(0x00007f84ba7f1000,0x00007f84ba8f2000)]
  0x00007f84cc230000 JavaThread "nioEventLoopGroup-4-0" daemon [_thread_blocked, id=10986, stack(0x00007f84bb8f4000,0x00007f84bb9f5000)]
  0x00007f84b4003000 JavaThread "nioEventLoopGroup-2-1" daemon [_thread_blocked, id=10985, stack(0x00007f84bb9f5000,0x00007f84bbaf6000)]
  0x00007f84cc1d5000 JavaThread "nioEventLoopGroup-2-0" daemon [_thread_in_native, id=10984, stack(0x00007f84bbaf6000,0x00007f84bbbf7000)]
  0x00007f84d8004000 JavaThread "Kompics-worker-8" [_thread_blocked, id=10983, stack(0x00007f8508010000,0x00007f8508111000)]
  0x00007f84d4001000 JavaThread "Kompics-worker-2" [_thread_blocked, id=10977, stack(0x00007f8508616000,0x00007f8508717000)]
  0x00007f8548009800 JavaThread "DestroyJavaVM" [_thread_blocked, id=10950, stack(0x00007f854e9de000,0x00007f854eadf000)]
  0x00007f854855b000 JavaThread "JavaTimer@2b2948e2" daemon [_thread_blocked, id=10973, stack(0x00007f8509b8c000,0x00007f8509c8d000)]
  0x00007f8548219800 JavaThread "Service Thread" daemon [_thread_blocked, id=10967, stack(0x00007f850a02a000,0x00007f850a12b000)]
  0x00007f854820e800 JavaThread "C1 CompilerThread3" daemon [_thread_in_vm, id=10966, stack(0x00007f850a12b000,0x00007f850a22c000)]
  0x00007f854820c000 JavaThread "C2 CompilerThread2" daemon [_thread_blocked, id=10965, stack(0x00007f850a22c000,0x00007f850a32d000)]
  0x00007f854820a800 JavaThread "C2 CompilerThread1" daemon [_thread_blocked, id=10964, stack(0x00007f850a32d000,0x00007f850a42e000)]
  0x00007f8548207800 JavaThread "C2 CompilerThread0" daemon [_thread_blocked, id=10963, stack(0x00007f850a42e000,0x00007f850a52f000)]
  0x00007f8548206000 JavaThread "Signal Dispatcher" daemon [_thread_blocked, id=10962, stack(0x00007f850a52f000,0x00007f850a630000)]
  0x00007f85481d3000 JavaThread "Finalizer" daemon [_thread_blocked, id=10961, stack(0x00007f850b25f000,0x00007f850b360000)]
  0x00007f85481ce800 JavaThread "Reference Handler" daemon [_thread_blocked, id=10960, stack(0x00007f8534051000,0x00007f8534152000)]

Other Threads:
  0x00007f85481c6800 VMThread [stack: 0x00007f8534152000,0x00007f8534253000] [id=10959]
  0x00007f854821c000 WatcherThread [stack: 0x00007f8509f29000,0x00007f850a02a000] [id=10968]

VM state:not at safepoint (normal execution)

VM Mutex/Monitor currently owned by a thread: None

Heap:
 PSYoungGen      total 84480K, used 59746K [0x0000000762400000, 0x0000000768200000, 0x00000007c0000000)
  eden space 72704K, 66% used [0x0000000762400000,0x00000007652dcac0,0x0000000766b00000)
  from space 11776K, 99% used [0x0000000766b00000,0x000000076767bea8,0x0000000767680000)
  to   space 11776K, 0% used [0x0000000767680000,0x0000000767680000,0x0000000768200000)
 ParOldGen       total 192512K, used 4695K [0x00000006a6c00000, 0x00000006b2800000, 0x0000000762400000)
  object space 192512K, 2% used [0x00000006a6c00000,0x00000006a7095c48,0x00000006b2800000)
 Metaspace       used 15928K, capacity 16242K, committed 16384K, reserved 1062912K
  class space    used 1925K, capacity 1997K, committed 2048K, reserved 1048576K

Card table byte_map: [0x00007f8537d42000,0x00007f853860d000] byte_map_base: 0x00007f853480c000

Marking Bits: (ParMarkBitMap*) 0x00007f854deba100
 Begin Bits: [0x00007f850b360000, 0x00007f850f9b0000)
 End Bits:   [0x00007f850f9b0000, 0x00007f8514000000)

Polling page: 0x00007f854eb01000

CodeCache: size=245760Kb used=6447Kb max_used=6447Kb free=239312Kb
 bounds [0x00007f85389cd000, 0x00007f853902d000, 0x00007f85479cd000]
 total_blobs=2271 nmethods=1895 adapters=289
 compilation: enabled

Compilation events (10 events):
Event: 510,885 Thread 0x00007f854820e800 2040       3       io.netty.channel.nio.AbstractNioChannel$AbstractNioUnsafe::flush0 (13 bytes)
Event: 510,886 Thread 0x00007f854820e800 nmethod 2040 0x00007f853901c910 code [0x00007f853901cac0, 0x00007f853901d008]
Event: 510,886 Thread 0x00007f854820e800 2041       3       io.netty.channel.nio.AbstractNioChannel$AbstractNioUnsafe::isFlushPending (30 bytes)
Event: 510,886 Thread 0x00007f854820e800 nmethod 2041 0x00007f853901d1d0 code [0x00007f853901d360, 0x00007f853901d7d8]
Event: 510,886 Thread 0x00007f854820e800 2042       3       io.netty.channel.ChannelOutboundBuffer::removeEntry (49 bytes)
Event: 510,886 Thread 0x00007f854820e800 nmethod 2042 0x00007f853901d910 code [0x00007f853901da80, 0x00007f853901dcf0]
Event: 510,886 Thread 0x00007f854820e800 2043       3       io.netty.channel.ChannelOutboundBuffer::setWritable (42 bytes)
Event: 510,887 Thread 0x00007f854820e800 nmethod 2043 0x00007f853901dd90 code [0x00007f853901df20, 0x00007f853901e288]
Event: 510,887 Thread 0x00007f854820e800 2038       3       io.netty.channel.ChannelOutboundBuffer$Entry::newInstance (39 bytes)
Event: 510,887 Thread 0x00007f854820e800 nmethod 2038 0x00007f853901e410 code [0x00007f853901e580, 0x00007f853901e8c8]

GC Heap History (2 events):
Event: 64,843 GC heap before
{Heap before GC invocations=1 (full 0):
 PSYoungGen      total 84480K, used 72704K [0x0000000762400000, 0x0000000768200000, 0x00000007c0000000)
  eden space 72704K, 100% used [0x0000000762400000,0x0000000766b00000,0x0000000766b00000)
  from space 11776K, 0% used [0x0000000767680000,0x0000000767680000,0x0000000768200000)
  to   space 11776K, 0% used [0x0000000766b00000,0x0000000766b00000,0x0000000767680000)
 ParOldGen       total 192512K, used 0K [0x00000006a6c00000, 0x00000006b2800000, 0x0000000762400000)
  object space 192512K, 0% used [0x00000006a6c00000,0x00000006a6c00000,0x00000006b2800000)
 Metaspace       used 15489K, capacity 15782K, committed 15872K, reserved 1062912K
  class space    used 1921K, capacity 1995K, committed 2048K, reserved 1048576K
Event: 64,871 GC heap after
Heap after GC invocations=1 (full 0):
 PSYoungGen      total 84480K, used 11759K [0x0000000762400000, 0x0000000768200000, 0x00000007c0000000)
  eden space 72704K, 0% used [0x0000000762400000,0x0000000762400000,0x0000000766b00000)
  from space 11776K, 99% used [0x0000000766b00000,0x000000076767bea8,0x0000000767680000)
  to   space 11776K, 0% used [0x0000000767680000,0x0000000767680000,0x0000000768200000)
 ParOldGen       total 192512K, used 4695K [0x00000006a6c00000, 0x00000006b2800000, 0x0000000762400000)
  object space 192512K, 2% used [0x00000006a6c00000,0x00000006a7095c48,0x00000006b2800000)
 Metaspace       used 15489K, capacity 15782K, committed 15872K, reserved 1062912K
  class space    used 1921K, capacity 1995K, committed 2048K, reserved 1048576K
}

Deoptimization events (10 events):
Event: 188,846 Thread 0x00007f84cc350800 Uncommon trap: reason=class_check action=maybe_recompile pc=0x00007f8538e83e70 method=io.netty.buffer.ByteBufInputStream.available()I @ 8
Event: 188,846 Thread 0x00007f84cc350800 Uncommon trap: reason=class_check action=maybe_recompile pc=0x00007f8538e83e70 method=io.netty.buffer.ByteBufInputStream.available()I @ 8
Event: 188,846 Thread 0x00007f84cc350800 Uncommon trap: reason=class_check action=maybe_recompile pc=0x00007f8538dfee3c method=io.netty.buffer.ByteBufInputStream.read()I @ 4
Event: 188,846 Thread 0x00007f84cc350800 Uncommon trap: reason=class_check action=maybe_recompile pc=0x00007f8538e189ec method=io.netty.buffer.ByteBufInputStream.read()I @ 4
Event: 188,846 Thread 0x00007f84cc350800 Uncommon trap: reason=class_check action=maybe_recompile pc=0x00007f8538e83e70 method=io.netty.buffer.ByteBufInputStream.available()I @ 8
Event: 188,846 Thread 0x00007f84cc350800 Uncommon trap: reason=class_check action=maybe_recompile pc=0x00007f8538e83e70 method=io.netty.buffer.ByteBufInputStream.available()I @ 8
Event: 188,847 Thread 0x00007f84cc350800 Uncommon trap: reason=class_check action=maybe_recompile pc=0x00007f8538e89ddc method=io.netty.buffer.ByteBufInputStream.available()I @ 8
Event: 188,847 Thread 0x00007f84cc350800 Uncommon trap: reason=class_check action=maybe_recompile pc=0x00007f8538e6eed0 method=io.netty.buffer.ByteBufInputStream.available()I @ 8
Event: 221,351 Thread 0x00007f84cc350800 Uncommon trap: reason=null_check action=make_not_entrant pc=0x00007f8538cbb22c method=java.io.ObjectStreamClass.getField(Ljava/lang/String;Ljava/lang/Class;)Ljava/io/ObjectStreamField; @ 67
Event: 326,884 Thread 0x00007f8488004000 Uncommon trap: reason=predicate action=maybe_recompile pc=0x00007f8538f6bcf8 method=io.netty.handler.codec.compression.Snappy.encode(Lio/netty/buffer/ByteBuf;Lio/netty/buffer/ByteBuf;I)V @ 20

Internal exceptions (10 events):
Event: 10,915 Thread 0x00007f84b4004800 Exception <a 'java/lang/NoSuchMethodError': <clinit>> (0x0000000766442950) thrown at [/HUDSON/workspace/8-2-build-linux-amd64/jdk8u72/5732/hotspot/src/share/vm/prims/jni.cpp, line 1591]
Event: 10,925 Thread 0x00007f84b4004800 Exception <a 'java/lang/NoSuchMethodError': <clinit>> (0x000000076645c668) thrown at [/HUDSON/workspace/8-2-build-linux-amd64/jdk8u72/5732/hotspot/src/share/vm/prims/jni.cpp, line 1591]
Event: 18,899 Thread 0x00007f8484001800 Exception <a 'java/lang/NoSuchMethodError': <clinit>> (0x000000076640a238) thrown at [/HUDSON/workspace/8-2-build-linux-amd64/jdk8u72/5732/hotspot/src/share/vm/prims/jni.cpp, line 1591]
Event: 22,904 Thread 0x00007f84b4004800 Exception <a 'java/lang/NoSuchMethodError': <clinit>> (0x0000000766498df0) thrown at [/HUDSON/workspace/8-2-build-linux-amd64/jdk8u72/5732/hotspot/src/share/vm/prims/jni.cpp, line 1591]
Event: 22,910 Thread 0x00007f84b4004800 Exception <a 'java/lang/NoSuchMethodError': <clinit>> (0x00000007664aba28) thrown at [/HUDSON/workspace/8-2-build-linux-amd64/jdk8u72/5732/hotspot/src/share/vm/prims/jni.cpp, line 1591]
Event: 22,911 Thread 0x00007f84b4004800 Exception <a 'java/lang/NoSuchMethodError': <clinit>> (0x00000007664b39e8) thrown at [/HUDSON/workspace/8-2-build-linux-amd64/jdk8u72/5732/hotspot/src/share/vm/prims/jni.cpp, line 1591]
Event: 22,923 Thread 0x00007f84b4004800 Exception <a 'java/lang/NoSuchMethodError': <clinit>> (0x000000076650e800) thrown at [/HUDSON/workspace/8-2-build-linux-amd64/jdk8u72/5732/hotspot/src/share/vm/prims/jni.cpp, line 1591]
Event: 26,900 Thread 0x00007f84b4004800 Exception <a 'java/lang/NoSuchMethodError': <clinit>> (0x00000007665415f0) thrown at [/HUDSON/workspace/8-2-build-linux-amd64/jdk8u72/5732/hotspot/src/share/vm/prims/jni.cpp, line 1591]
Event: 59,291 Thread 0x00007f8484001800 Exception <a 'java/lang/NoSuchMethodError': <clinit>> (0x00000007667ad7c0) thrown at [/HUDSON/workspace/8-2-build-linux-amd64/jdk8u72/5732/hotspot/src/share/vm/prims/jni.cpp, line 1591]
Event: 66,278 Thread 0x00007f8484001800 Exception <a 'java/lang/NoSuchMethodError': <clinit>> (0x000000076290be58) thrown at [/HUDSON/workspace/8-2-build-linux-amd64/jdk8u72/5732/hotspot/src/share/vm/prims/jni.cpp, line 1591]

Events (10 events):
Event: 369,351 Thread 0x00007f854820e800 flushing nmethod 0x00007f8538ce7ad0
Event: 369,351 Thread 0x00007f854820e800 flushing nmethod 0x00007f8538cf3ad0
Event: 369,352 Thread 0x00007f854820e800 flushing nmethod 0x00007f8538d21790
Event: 369,353 Thread 0x00007f854820e800 flushing nmethod 0x00007f8538d346d0
Event: 376,842 Thread 0x00007f854820e800 flushing nmethod 0x00007f8538df3450
Event: 469,215 Thread 0x00007f84cc34c000 Thread added: 0x00007f84cc34c000
Event: 512,833 Executing VM operation: RevokeBias
Event: 512,833 Executing VM operation: RevokeBias done
Event: 512,833 loading class io/netty/channel/AbstractChannel$AbstractUnsafe$7
Event: 512,833 loading class io/netty/channel/AbstractChannel$AbstractUnsafe$7 done


Dynamic libraries:
00400000-00401000 r-xp 00000000 08:03 1974131                            /usr/lib/jvm/java-8-oracle/jre/bin/java
00600000-00601000 rw-p 00000000 08:03 1974131                            /usr/lib/jvm/java-8-oracle/jre/bin/java
00e93000-00eb4000 rw-p 00000000 00:00 0                                  [heap]
6a6c00000-6b2800000 rw-p 00000000 00:00 0 
6b2800000-762400000 ---p 00000000 00:00 0 
762400000-768200000 rw-p 00000000 00:00 0 
768200000-7c0000000 ---p 00000000 00:00 0 
7c0000000-7c0200000 rw-p 00000000 00:00 0 
7c0200000-800000000 ---p 00000000 00:00 0 
7f8460000000-7f8460021000 rw-p 00000000 00:00 0 
7f8460021000-7f8464000000 ---p 00000000 00:00 0 
7f8464000000-7f8464021000 rw-p 00000000 00:00 0 
7f8464021000-7f8468000000 ---p 00000000 00:00 0 
7f8468000000-7f8468021000 rw-p 00000000 00:00 0 
7f8468021000-7f846c000000 ---p 00000000 00:00 0 
7f846c000000-7f846c021000 rw-p 00000000 00:00 0 
7f846c021000-7f8470000000 ---p 00000000 00:00 0 
7f8472fff000-7f8474000000 rw-p 00000000 00:00 0 
7f8474000000-7f8474021000 rw-p 00000000 00:00 0 
7f8474021000-7f8478000000 ---p 00000000 00:00 0 
7f8478ffd000-7f847c000000 rw-p 00000000 00:00 0 
7f847c000000-7f847c021000 rw-p 00000000 00:00 0 
7f847c021000-7f8480000000 ---p 00000000 00:00 0 
7f8480ffd000-7f8484000000 rw-p 00000000 00:00 0 
7f8484000000-7f8484039000 rw-p 00000000 00:00 0 
7f8484039000-7f8488000000 ---p 00000000 00:00 0 
7f8488000000-7f8488021000 rw-p 00000000 00:00 0 
7f8488021000-7f848c000000 ---p 00000000 00:00 0 
7f848c000000-7f848c28c000 rw-p 00000000 00:00 0 
7f848c28c000-7f8490000000 ---p 00000000 00:00 0 
7f8490000000-7f8490021000 rw-p 00000000 00:00 0 
7f8490021000-7f8494000000 ---p 00000000 00:00 0 
7f8494000000-7f849404e000 rw-p 00000000 00:00 0 
7f849404e000-7f8498000000 ---p 00000000 00:00 0 
7f8498000000-7f8498021000 rw-p 00000000 00:00 0 
7f8498021000-7f849c000000 ---p 00000000 00:00 0 
7f849c000000-7f849c021000 rw-p 00000000 00:00 0 
7f849c021000-7f84a0000000 ---p 00000000 00:00 0 
7f84a0000000-7f84a0021000 rw-p 00000000 00:00 0 
7f84a0021000-7f84a4000000 ---p 00000000 00:00 0 
7f84a4000000-7f84a4021000 rw-p 00000000 00:00 0 
7f84a4021000-7f84a8000000 ---p 00000000 00:00 0 
7f84a8000000-7f84a8021000 rw-p 00000000 00:00 0 
7f84a8021000-7f84ac000000 ---p 00000000 00:00 0 
7f84ac000000-7f84ac021000 rw-p 00000000 00:00 0 
7f84ac021000-7f84b0000000 ---p 00000000 00:00 0 
7f84b0000000-7f84b0021000 rw-p 00000000 00:00 0 
7f84b0021000-7f84b4000000 ---p 00000000 00:00 0 
7f84b4000000-7f84b4021000 rw-p 00000000 00:00 0 
7f84b4021000-7f84b8000000 ---p 00000000 00:00 0 
7f84b87e2000-7f84b87e5000 ---p 00000000 00:00 0 
7f84b87e5000-7f84b88e3000 rw-p 00000000 00:00 0                          [stack:11402]
7f84b88e3000-7f84b88e6000 ---p 00000000 00:00 0 
7f84b88e6000-7f84b89e4000 rw-p 00000000 00:00 0                          [stack:11388]
7f84b89e4000-7f84b89e7000 ---p 00000000 00:00 0 
7f84b89e7000-7f84b8ae5000 rw-p 00000000 00:00 0                          [stack:11330]
7f84b8ae5000-7f84b8ae8000 ---p 00000000 00:00 0 
7f84b8ae8000-7f84b8be6000 rw-p 00000000 00:00 0                          [stack:11238]
7f84b8be6000-7f84b8be9000 ---p 00000000 00:00 0 
7f84b8be9000-7f84b8ce7000 rw-p 00000000 00:00 0                          [stack:11237]
7f84b8ce7000-7f84b8cea000 ---p 00000000 00:00 0 
7f84b8cea000-7f84b8de8000 rw-p 00000000 00:00 0                          [stack:11092]
7f84b8de8000-7f84b8deb000 ---p 00000000 00:00 0 
7f84b8deb000-7f84b8ee9000 rw-p 00000000 00:00 0                          [stack:11004]
7f84b8ee9000-7f84b8eec000 ---p 00000000 00:00 0 
7f84b8eec000-7f84b8fea000 rw-p 00000000 00:00 0                          [stack:11003]
7f84b8fea000-7f84b8fed000 ---p 00000000 00:00 0 
7f84b8fed000-7f84ba0ec000 rw-p 00000000 00:00 0                          [stack:11002]
7f84ba0ec000-7f84ba0ef000 ---p 00000000 00:00 0 
7f84ba0ef000-7f84ba1ed000 rw-p 00000000 00:00 0                          [stack:10995]
7f84ba1ed000-7f84ba1f0000 ---p 00000000 00:00 0 
7f84ba1f0000-7f84ba4ee000 rw-p 00000000 00:00 0                          [stack:10993]
7f84ba4ee000-7f84ba4f1000 ---p 00000000 00:00 0 
7f84ba4f1000-7f84ba5ef000 rw-p 00000000 00:00 0                          [stack:10992]
7f84ba5ef000-7f84ba5f2000 ---p 00000000 00:00 0 
7f84ba5f2000-7f84ba6f0000 rw-p 00000000 00:00 0                          [stack:10991]
7f84ba6f0000-7f84ba6f3000 ---p 00000000 00:00 0 
7f84ba6f3000-7f84ba7f1000 rw-p 00000000 00:00 0                          [stack:10990]
7f84ba7f1000-7f84ba7f4000 ---p 00000000 00:00 0 
7f84ba7f4000-7f84ba8f2000 rw-p 00000000 00:00 0                          [stack:10989]
7f84ba8f2000-7f84ba8f3000 ---p 00000000 00:00 0 
7f84ba8f3000-7f84bb0f3000 rw-p 00000000 00:00 0                          [stack:10988]
7f84bb0f3000-7f84bb0f4000 ---p 00000000 00:00 0 
7f84bb0f4000-7f84bb8f4000 rw-p 00000000 00:00 0                          [stack:10987]
7f84bb8f4000-7f84bb8f7000 ---p 00000000 00:00 0 
7f84bb8f7000-7f84bb9f5000 rw-p 00000000 00:00 0                          [stack:10986]
7f84bb9f5000-7f84bb9f8000 ---p 00000000 00:00 0 
7f84bb9f8000-7f84bbaf6000 rw-p 00000000 00:00 0                          [stack:10985]
7f84bbaf6000-7f84bbaf9000 ---p 00000000 00:00 0 
7f84bbaf9000-7f84bbdf7000 rw-p 00000000 00:00 0                          [stack:10984]
7f84bbdf7000-7f84bbe00000 r-xp 00000000 08:03 2102168                    /usr/lib/jvm/java-8-oracle/jre/lib/amd64/libmanagement.so
7f84bbe00000-7f84bbfff000 ---p 00009000 08:03 2102168                    /usr/lib/jvm/java-8-oracle/jre/lib/amd64/libmanagement.so
7f84bbfff000-7f84bc000000 rw-p 00008000 08:03 2102168                    /usr/lib/jvm/java-8-oracle/jre/lib/amd64/libmanagement.so
7f84bc000000-7f84bc021000 rw-p 00000000 00:00 0 
7f84bc021000-7f84c0000000 ---p 00000000 00:00 0 
7f84c0000000-7f84c0021000 rw-p 00000000 00:00 0 
7f84c0021000-7f84c4000000 ---p 00000000 00:00 0 
7f84c4000000-7f84c4021000 rw-p 00000000 00:00 0 
7f84c4021000-7f84c8000000 ---p 00000000 00:00 0 
7f84c8000000-7f84c8021000 rw-p 00000000 00:00 0 
7f84c8021000-7f84cc000000 ---p 00000000 00:00 0 
7f84cc000000-7f84cc352000 rw-p 00000000 00:00 0 
7f84cc352000-7f84d0000000 ---p 00000000 00:00 0 
7f84d0000000-7f84d0021000 rw-p 00000000 00:00 0 
7f84d0021000-7f84d4000000 ---p 00000000 00:00 0 
7f84d4000000-7f84d42a1000 rw-p 00000000 00:00 0 
7f84d42a1000-7f84d8000000 ---p 00000000 00:00 0 
7f84d8000000-7f84d803e000 rw-p 00000000 00:00 0 
7f84d803e000-7f84dc000000 ---p 00000000 00:00 0 
7f84dc000000-7f84dc021000 rw-p 00000000 00:00 0 
7f84dc021000-7f84e0000000 ---p 00000000 00:00 0 
7f84e0000000-7f84e0021000 rw-p 00000000 00:00 0 
7f84e0021000-7f84e4000000 ---p 00000000 00:00 0 
7f84e4000000-7f84e4424000 rw-p 00000000 00:00 0 
7f84e4424000-7f84e8000000 ---p 00000000 00:00 0 
7f84e8000000-7f84e8021000 rw-p 00000000 00:00 0 
7f84e8021000-7f84ec000000 ---p 00000000 00:00 0 
7f84ec000000-7f84ed7cc000 rw-p 00000000 00:00 0 
7f84ed7cc000-7f84f0000000 ---p 00000000 00:00 0 
7f84f0000000-7f84f1bdd000 rw-p 00000000 00:00 0 
7f84f1bdd000-7f84f4000000 ---p 00000000 00:00 0 
7f84f4000000-7f84f4021000 rw-p 00000000 00:00 0 
7f84f4021000-7f84f8000000 ---p 00000000 00:00 0 
7f84f8000000-7f84f985e000 rw-p 00000000 00:00 0 
7f84f985e000-7f84fc000000 ---p 00000000 00:00 0 
7f84fc000000-7f84fc021000 rw-p 00000000 00:00 0 
7f84fc021000-7f8500000000 ---p 00000000 00:00 0 
7f8500000000-7f8500021000 rw-p 00000000 00:00 0 
7f8500021000-7f8504000000 ---p 00000000 00:00 0 
7f8504000000-7f8504021000 rw-p 00000000 00:00 0 
7f8504021000-7f8508000000 ---p 00000000 00:00 0 
7f8508010000-7f8508013000 ---p 00000000 00:00 0 
7f8508013000-7f8508111000 rw-p 00000000 00:00 0                          [stack:10983]
7f8508111000-7f8508114000 ---p 00000000 00:00 0 
7f8508114000-7f8508212000 rw-p 00000000 00:00 0                          [stack:11225]
7f8508212000-7f8508215000 ---p 00000000 00:00 0 
7f8508215000-7f8508313000 rw-p 00000000 00:00 0                          [stack:11236]
7f8508313000-7f8508316000 ---p 00000000 00:00 0 
7f8508316000-7f8508414000 rw-p 00000000 00:00 0                          [stack:11235]
7f8508414000-7f8508417000 ---p 00000000 00:00 0 
7f8508417000-7f8508515000 rw-p 00000000 00:00 0                          [stack:11249]
7f8508515000-7f8508518000 ---p 00000000 00:00 0 
7f8508518000-7f8508616000 rw-p 00000000 00:00 0                          [stack:11329]
7f8508616000-7f8508619000 ---p 00000000 00:00 0 
7f8508619000-7f8508717000 rw-p 00000000 00:00 0                          [stack:10977]
7f8508717000-7f8508718000 ---p 00000000 00:00 0 
7f8508718000-7f8508f18000 rw-p 00000000 00:00 0                          [stack:10975]
7f8508f18000-7f8508f2e000 r-xp 00000000 08:03 3937810                    /lib/x86_64-linux-gnu/libgcc_s.so.1
7f8508f2e000-7f850912d000 ---p 00016000 08:03 3937810                    /lib/x86_64-linux-gnu/libgcc_s.so.1
7f850912d000-7f850912e000 rw-p 00015000 08:03 3937810                    /lib/x86_64-linux-gnu/libgcc_s.so.1
7f850912e000-7f8509214000 r-xp 00000000 08:03 1968174                    /usr/lib/x86_64-linux-gnu/libstdc++.so.6.0.19
7f8509214000-7f8509413000 ---p 000e6000 08:03 1968174                    /usr/lib/x86_64-linux-gnu/libstdc++.so.6.0.19
7f8509413000-7f850941b000 r--p 000e5000 08:03 1968174                    /usr/lib/x86_64-linux-gnu/libstdc++.so.6.0.19
7f850941b000-7f850941d000 rw-p 000ed000 08:03 1968174                    /usr/lib/x86_64-linux-gnu/libstdc++.so.6.0.19
7f850941d000-7f8509432000 rw-p 00000000 00:00 0 
7f8509432000-7f8509477000 r-xp 00000000 08:03 2432                       /home/kim/workspace/java/id2203/Distributed-KV-store/server/lib/bin/lib/amd64-Linux-gpp/jni/libbarchart-udt-core-2.3.0-SNAPSHOT.so
7f8509477000-7f8509677000 ---p 00045000 08:03 2432                       /home/kim/workspace/java/id2203/Distributed-KV-store/server/lib/bin/lib/amd64-Linux-gpp/jni/libbarchart-udt-core-2.3.0-SNAPSHOT.so
7f8509677000-7f8509678000 r--p 00045000 08:03 2432                       /home/kim/workspace/java/id2203/Distributed-KV-store/server/lib/bin/lib/amd64-Linux-gpp/jni/libbarchart-udt-core-2.3.0-SNAPSHOT.so
7f8509678000-7f8509679000 rw-p 00046000 08:03 2432                       /home/kim/workspace/java/id2203/Distributed-KV-store/server/lib/bin/lib/amd64-Linux-gpp/jni/libbarchart-udt-core-2.3.0-SNAPSHOT.so
7f8509679000-7f850967a000 rw-p 00000000 00:00 0 
7f850967a000-7f850968b000 r-xp 00000000 08:03 2102158                    /usr/lib/jvm/java-8-oracle/jre/lib/amd64/libnio.so
7f850968b000-7f850988a000 ---p 00011000 08:03 2102158                    /usr/lib/jvm/java-8-oracle/jre/lib/amd64/libnio.so
7f850988a000-7f850988b000 rw-p 00010000 08:03 2102158                    /usr/lib/jvm/java-8-oracle/jre/lib/amd64/libnio.so
7f850988b000-7f8509a8b000 rw-p 00000000 00:00 0 
7f8509a8b000-7f8509a8e000 ---p 00000000 00:00 0 
7f8509a8e000-7f8509b8c000 rw-p 00000000 00:00 0                          [stack:11731]
7f8509b8c000-7f8509b8f000 ---p 00000000 00:00 0 
7f8509b8f000-7f8509c8d000 rw-p 00000000 00:00 0                          [stack:10973]
7f8509c8d000-7f8509ca3000 r-xp 00000000 08:03 2102147                    /usr/lib/jvm/java-8-oracle/jre/lib/amd64/libnet.so
7f8509ca3000-7f8509ea3000 ---p 00016000 08:03 2102147                    /usr/lib/jvm/java-8-oracle/jre/lib/amd64/libnet.so
7f8509ea3000-7f8509ea4000 rw-p 00016000 08:03 2102147                    /usr/lib/jvm/java-8-oracle/jre/lib/amd64/libnet.so
7f8509ea4000-7f8509f29000 r--s 00840000 08:03 985                        /home/kim/workspace/java/id2203/Distributed-KV-store/server/target/project17-server-1.0-SNAPSHOT-shaded.jar
7f8509f29000-7f8509f2a000 ---p 00000000 00:00 0 
7f8509f2a000-7f850a02a000 rw-p 00000000 00:00 0                          [stack:10968]
7f850a02a000-7f850a02d000 ---p 00000000 00:00 0 
7f850a02d000-7f850a12b000 rw-p 00000000 00:00 0                          [stack:10967]
7f850a12b000-7f850a12e000 ---p 00000000 00:00 0 
7f850a12e000-7f850a22c000 rw-p 00000000 00:00 0                          [stack:10966]
7f850a22c000-7f850a22f000 ---p 00000000 00:00 0 
7f850a22f000-7f850a32d000 rw-p 00000000 00:00 0                          [stack:10965]
7f850a32d000-7f850a330000 ---p 00000000 00:00 0 
7f850a330000-7f850a42e000 rw-p 00000000 00:00 0                          [stack:10964]
7f850a42e000-7f850a431000 ---p 00000000 00:00 0 
7f850a431000-7f850a52f000 rw-p 00000000 00:00 0                          [stack:10963]
7f850a52f000-7f850a532000 ---p 00000000 00:00 0 
7f850a532000-7f850a630000 rw-p 00000000 00:00 0                          [stack:10962]
7f850a630000-7f850b25f000 r--p 00000000 08:03 1970932                    /usr/lib/locale/locale-archive
7f850b25f000-7f850b262000 ---p 00000000 00:00 0 
7f850b262000-7f8514000000 rw-p 00000000 00:00 0                          [stack:10961]
7f8514000000-7f8514021000 rw-p 00000000 00:00 0 
7f8514021000-7f8518000000 ---p 00000000 00:00 0 
7f8518000000-7f8518021000 rw-p 00000000 00:00 0 
7f8518021000-7f851c000000 ---p 00000000 00:00 0 
7f851c000000-7f851c021000 rw-p 00000000 00:00 0 
7f851c021000-7f8520000000 ---p 00000000 00:00 0 
7f8520000000-7f8520021000 rw-p 00000000 00:00 0 
7f8520021000-7f8524000000 ---p 00000000 00:00 0 
7f8524000000-7f8524021000 rw-p 00000000 00:00 0 
7f8524021000-7f8528000000 ---p 00000000 00:00 0 
7f8528000000-7f8528021000 rw-p 00000000 00:00 0 
7f8528021000-7f852c000000 ---p 00000000 00:00 0 
7f852c000000-7f852c021000 rw-p 00000000 00:00 0 
7f852c021000-7f8530000000 ---p 00000000 00:00 0 
7f8530000000-7f8530021000 rw-p 00000000 00:00 0 
7f8530021000-7f8534000000 ---p 00000000 00:00 0 
7f8534051000-7f8534054000 ---p 00000000 00:00 0 
7f8534054000-7f8534152000 rw-p 00000000 00:00 0                          [stack:10960]
7f8534152000-7f8534153000 ---p 00000000 00:00 0 
7f8534153000-7f8535dbd000 rw-p 00000000 00:00 0                          [stack:10959]
7f8535dbd000-7f8535f95000 r--s 03d1d000 08:03 1974220                    /usr/lib/jvm/java-8-oracle/jre/lib/rt.jar
7f8535f95000-7f853705f000 rw-p 00000000 00:00 0 
7f853705f000-7f8537060000 ---p 00000000 00:00 0 
7f8537060000-7f8537160000 rw-p 00000000 00:00 0                          [stack:10958]
7f8537160000-7f8537161000 ---p 00000000 00:00 0 
7f8537161000-7f8537261000 rw-p 00000000 00:00 0                          [stack:10957]
7f8537261000-7f8537262000 ---p 00000000 00:00 0 
7f8537262000-7f8537362000 rw-p 00000000 00:00 0                          [stack:10956]
7f8537362000-7f8537363000 ---p 00000000 00:00 0 
7f8537363000-7f8537463000 rw-p 00000000 00:00 0                          [stack:10955]
7f8537463000-7f8537464000 ---p 00000000 00:00 0 
7f8537464000-7f8537564000 rw-p 00000000 00:00 0                          [stack:10954]
7f8537564000-7f8537565000 ---p 00000000 00:00 0 
7f8537565000-7f8537665000 rw-p 00000000 00:00 0                          [stack:10953]
7f8537665000-7f8537666000 ---p 00000000 00:00 0 
7f8537666000-7f85377c4000 rw-p 00000000 00:00 0                          [stack:10952]
7f85377c4000-7f8537d42000 ---p 00000000 00:00 0 
7f8537d42000-7f8537da0000 rw-p 00000000 00:00 0 
7f8537da0000-7f853831e000 ---p 00000000 00:00 0 
7f853831e000-7f853834d000 rw-p 00000000 00:00 0 
7f853834d000-7f853860c000 ---p 00000000 00:00 0 
7f853860c000-7f8538627000 rw-p 00000000 00:00 0 
7f8538627000-7f85389cd000 ---p 00000000 00:00 0 
7f85389cd000-7f853902d000 rwxp 00000000 00:00 0 
7f853902d000-7f85479cd000 ---p 00000000 00:00 0 
7f85479cd000-7f85479e7000 r-xp 00000000 08:03 2102141                    /usr/lib/jvm/java-8-oracle/jre/lib/amd64/libzip.so
7f85479e7000-7f8547be7000 ---p 0001a000 08:03 2102141                    /usr/lib/jvm/java-8-oracle/jre/lib/amd64/libzip.so
7f8547be7000-7f8547be8000 rw-p 0001a000 08:03 2102141                    /usr/lib/jvm/java-8-oracle/jre/lib/amd64/libzip.so
7f8547be8000-7f8547bf3000 r-xp 00000000 08:03 3932179                    /lib/x86_64-linux-gnu/libnss_files-2.19.so
7f8547bf3000-7f8547df2000 ---p 0000b000 08:03 3932179                    /lib/x86_64-linux-gnu/libnss_files-2.19.so
7f8547df2000-7f8547df3000 r--p 0000a000 08:03 3932179                    /lib/x86_64-linux-gnu/libnss_files-2.19.so
7f8547df3000-7f8547df4000 rw-p 0000b000 08:03 3932179                    /lib/x86_64-linux-gnu/libnss_files-2.19.so
7f8547df4000-7f8547dff000 r-xp 00000000 08:03 3936174                    /lib/x86_64-linux-gnu/libnss_nis-2.19.so
7f8547dff000-7f8547ffe000 ---p 0000b000 08:03 3936174                    /lib/x86_64-linux-gnu/libnss_nis-2.19.so
7f8547ffe000-7f8547fff000 r--p 0000a000 08:03 3936174                    /lib/x86_64-linux-gnu/libnss_nis-2.19.so
7f8547fff000-7f8548000000 rw-p 0000b000 08:03 3936174                    /lib/x86_64-linux-gnu/libnss_nis-2.19.so
7f8548000000-7f8548735000 rw-p 00000000 00:00 0 
7f8548735000-7f854c000000 ---p 00000000 00:00 0 
7f854c00f000-7f854c021000 r--s 00345000 08:03 1974229                    /usr/lib/jvm/java-8-oracle/jre/lib/resources.jar
7f854c021000-7f854c097000 rw-p 00000000 00:00 0 
7f854c097000-7f854c098000 ---p 00000000 00:00 0 
7f854c098000-7f854c198000 rw-p 00000000 00:00 0                          [stack:10951]
7f854c198000-7f854c1af000 r-xp 00000000 08:03 3932256                    /lib/x86_64-linux-gnu/libnsl-2.19.so
7f854c1af000-7f854c3ae000 ---p 00017000 08:03 3932256                    /lib/x86_64-linux-gnu/libnsl-2.19.so
7f854c3ae000-7f854c3af000 r--p 00016000 08:03 3932256                    /lib/x86_64-linux-gnu/libnsl-2.19.so
7f854c3af000-7f854c3b0000 rw-p 00017000 08:03 3932256                    /lib/x86_64-linux-gnu/libnsl-2.19.so
7f854c3b0000-7f854c3b2000 rw-p 00000000 00:00 0 
7f854c3b2000-7f854c3bb000 r-xp 00000000 08:03 3932255                    /lib/x86_64-linux-gnu/libnss_compat-2.19.so
7f854c3bb000-7f854c5ba000 ---p 00009000 08:03 3932255                    /lib/x86_64-linux-gnu/libnss_compat-2.19.so
7f854c5ba000-7f854c5bb000 r--p 00008000 08:03 3932255                    /lib/x86_64-linux-gnu/libnss_compat-2.19.so
7f854c5bb000-7f854c5bc000 rw-p 00009000 08:03 3932255                    /lib/x86_64-linux-gnu/libnss_compat-2.19.so
7f854c5bc000-7f854c5e6000 r-xp 00000000 08:03 2102145                    /usr/lib/jvm/java-8-oracle/jre/lib/amd64/libjava.so
7f854c5e6000-7f854c7e6000 ---p 0002a000 08:03 2102145                    /usr/lib/jvm/java-8-oracle/jre/lib/amd64/libjava.so
7f854c7e6000-7f854c7e8000 rw-p 0002a000 08:03 2102145                    /usr/lib/jvm/java-8-oracle/jre/lib/amd64/libjava.so
7f854c7e8000-7f854c7f5000 r-xp 00000000 08:03 2102177                    /usr/lib/jvm/java-8-oracle/jre/lib/amd64/libverify.so
7f854c7f5000-7f854c9f5000 ---p 0000d000 08:03 2102177                    /usr/lib/jvm/java-8-oracle/jre/lib/amd64/libverify.so
7f854c9f5000-7f854c9f7000 rw-p 0000d000 08:03 2102177                    /usr/lib/jvm/java-8-oracle/jre/lib/amd64/libverify.so
7f854c9f7000-7f854c9fe000 r-xp 00000000 08:03 3932264                    /lib/x86_64-linux-gnu/librt-2.19.so
7f854c9fe000-7f854cbfd000 ---p 00007000 08:03 3932264                    /lib/x86_64-linux-gnu/librt-2.19.so
7f854cbfd000-7f854cbfe000 r--p 00006000 08:03 3932264                    /lib/x86_64-linux-gnu/librt-2.19.so
7f854cbfe000-7f854cbff000 rw-p 00007000 08:03 3932264                    /lib/x86_64-linux-gnu/librt-2.19.so
7f854cbff000-7f854cd04000 r-xp 00000000 08:03 3932175                    /lib/x86_64-linux-gnu/libm-2.19.so
7f854cd04000-7f854cf03000 ---p 00105000 08:03 3932175                    /lib/x86_64-linux-gnu/libm-2.19.so
7f854cf03000-7f854cf04000 r--p 00104000 08:03 3932175                    /lib/x86_64-linux-gnu/libm-2.19.so
7f854cf04000-7f854cf05000 rw-p 00105000 08:03 3932175                    /lib/x86_64-linux-gnu/libm-2.19.so
7f854cf05000-7f854dbc4000 r-xp 00000000 08:03 2102183                    /usr/lib/jvm/java-8-oracle/jre/lib/amd64/server/libjvm.so
7f854dbc4000-7f854ddc3000 ---p 00cbf000 08:03 2102183                    /usr/lib/jvm/java-8-oracle/jre/lib/amd64/server/libjvm.so
7f854ddc3000-7f854de9c000 rw-p 00cbe000 08:03 2102183                    /usr/lib/jvm/java-8-oracle/jre/lib/amd64/server/libjvm.so
7f854de9c000-7f854dee5000 rw-p 00000000 00:00 0 
7f854dee5000-7f854e0a0000 r-xp 00000000 08:03 3932261                    /lib/x86_64-linux-gnu/libc-2.19.so
7f854e0a0000-7f854e29f000 ---p 001bb000 08:03 3932261                    /lib/x86_64-linux-gnu/libc-2.19.so
7f854e29f000-7f854e2a3000 r--p 001ba000 08:03 3932261                    /lib/x86_64-linux-gnu/libc-2.19.so
7f854e2a3000-7f854e2a5000 rw-p 001be000 08:03 3932261                    /lib/x86_64-linux-gnu/libc-2.19.so
7f854e2a5000-7f854e2aa000 rw-p 00000000 00:00 0 
7f854e2aa000-7f854e2ad000 r-xp 00000000 08:03 3932190                    /lib/x86_64-linux-gnu/libdl-2.19.so
7f854e2ad000-7f854e4ac000 ---p 00003000 08:03 3932190                    /lib/x86_64-linux-gnu/libdl-2.19.so
7f854e4ac000-7f854e4ad000 r--p 00002000 08:03 3932190                    /lib/x86_64-linux-gnu/libdl-2.19.so
7f854e4ad000-7f854e4ae000 rw-p 00003000 08:03 3932190                    /lib/x86_64-linux-gnu/libdl-2.19.so
7f854e4ae000-7f854e4c3000 r-xp 00000000 08:03 2102191                    /usr/lib/jvm/java-8-oracle/jre/lib/amd64/jli/libjli.so
7f854e4c3000-7f854e6c3000 ---p 00015000 08:03 2102191                    /usr/lib/jvm/java-8-oracle/jre/lib/amd64/jli/libjli.so
7f854e6c3000-7f854e6c4000 rw-p 00015000 08:03 2102191                    /usr/lib/jvm/java-8-oracle/jre/lib/amd64/jli/libjli.so
7f854e6c4000-7f854e6dd000 r-xp 00000000 08:03 3932262                    /lib/x86_64-linux-gnu/libpthread-2.19.so
7f854e6dd000-7f854e8dc000 ---p 00019000 08:03 3932262                    /lib/x86_64-linux-gnu/libpthread-2.19.so
7f854e8dc000-7f854e8dd000 r--p 00018000 08:03 3932262                    /lib/x86_64-linux-gnu/libpthread-2.19.so
7f854e8dd000-7f854e8de000 rw-p 00019000 08:03 3932262                    /lib/x86_64-linux-gnu/libpthread-2.19.so
7f854e8de000-7f854e8e2000 rw-p 00000000 00:00 0 
7f854e8e2000-7f854e905000 r-xp 00000000 08:03 3932258                    /lib/x86_64-linux-gnu/ld-2.19.so
7f854e905000-7f854e908000 rw-p 00000000 00:00 0 
7f854e908000-7f854e92b000 r--p 00000000 08:03 2626497                    /usr/share/locale-langpack/sv/LC_MESSAGES/libc.mo
7f854e92b000-7f854e9de000 rw-p 00000000 00:00 0 
7f854e9de000-7f854e9e1000 ---p 00000000 00:00 0 
7f854e9e1000-7f854eae3000 rw-p 00000000 00:00 0                          [stack:10950]
7f854eae3000-7f854eae7000 r--s 00097000 08:03 1974225                    /usr/lib/jvm/java-8-oracle/jre/lib/jsse.jar
7f854eae7000-7f854eaf1000 r--s 00116000 08:03 2625719                    /usr/lib/jvm/java-8-oracle/jre/lib/ext/localedata.jar
7f854eaf1000-7f854eaf8000 r--s 00000000 08:03 2239520                    /usr/lib/x86_64-linux-gnu/gconv/gconv-modules.cache
7f854eaf8000-7f854eb00000 rw-s 00000000 08:03 2434                       /tmp/hsperfdata_kim/10949
7f854eb00000-7f854eb01000 rw-p 00000000 00:00 0 
7f854eb01000-7f854eb02000 r--p 00000000 00:00 0 
7f854eb02000-7f854eb04000 rw-p 00000000 00:00 0 
7f854eb04000-7f854eb05000 r--p 00022000 08:03 3932258                    /lib/x86_64-linux-gnu/ld-2.19.so
7f854eb05000-7f854eb06000 rw-p 00023000 08:03 3932258                    /lib/x86_64-linux-gnu/ld-2.19.so
7f854eb06000-7f854eb07000 rw-p 00000000 00:00 0 
7fff544b1000-7fff544d2000 rw-p 00000000 00:00 0                          [stack]
7fff54559000-7fff5455b000 r-xp 00000000 00:00 0                          [vdso]
7fff5455b000-7fff5455d000 r--p 00000000 00:00 0                          [vvar]
ffffffffff600000-ffffffffff601000 r-xp 00000000 00:00 0                  [vsyscall]

VM Arguments:
java_command: target/project17-server-1.0-SNAPSHOT-shaded.jar -p 56781 -c localhost:45678
java_class_path (initial): target/project17-server-1.0-SNAPSHOT-shaded.jar
Launcher Type: SUN_STANDARD

Environment Variables:
PATH=/home/kim/bin:/usr/local/sbin:/usr/local/bin:/usr/sbin:/usr/bin:/sbin:/bin:/usr/games:/usr/local/games
LD_LIBRARY_PATH=/home/kim/intellij/idea-IU-162.2032.8/bin:
SHELL=/usr/local/bin/fish
DISPLAY=:0

Signal Handlers:
SIGSEGV: [libjvm.so+0xabb070], sa_mask[0]=11111111011111111101111111111110, sa_flags=SA_RESTART|SA_SIGINFO
SIGBUS: [libjvm.so+0xabb070], sa_mask[0]=11111111011111111101111111111110, sa_flags=SA_RESTART|SA_SIGINFO
SIGFPE: [libjvm.so+0x918480], sa_mask[0]=11111111011111111101111111111110, sa_flags=SA_RESTART|SA_SIGINFO
SIGPIPE: [libjvm.so+0x918480], sa_mask[0]=11111111011111111101111111111110, sa_flags=SA_RESTART|SA_SIGINFO
SIGXFSZ: [libjvm.so+0x918480], sa_mask[0]=11111111011111111101111111111110, sa_flags=SA_RESTART|SA_SIGINFO
SIGILL: [libjvm.so+0x918480], sa_mask[0]=11111111011111111101111111111110, sa_flags=SA_RESTART|SA_SIGINFO
SIGUSR1: SIG_DFL, sa_mask[0]=00000000000000000000000000000000, sa_flags=none
SIGUSR2: [libjvm.so+0x919ab0], sa_mask[0]=00000000000000000000000000000000, sa_flags=SA_RESTART|SA_SIGINFO
SIGHUP: [libjvm.so+0x91aeb0], sa_mask[0]=11111111011111111101111111111110, sa_flags=SA_RESTART|SA_SIGINFO
SIGINT: [libjvm.so+0x91aeb0], sa_mask[0]=11111111011111111101111111111110, sa_flags=SA_RESTART|SA_SIGINFO
SIGTERM: [libjvm.so+0x91aeb0], sa_mask[0]=11111111011111111101111111111110, sa_flags=SA_RESTART|SA_SIGINFO
SIGQUIT: [libjvm.so+0x91aeb0], sa_mask[0]=11111111011111111101111111111110, sa_flags=SA_RESTART|SA_SIGINFO


---------------  S Y S T E M  ---------------

OS:DISTRIB_ID=Ubuntu
DISTRIB_RELEASE=14.04
DISTRIB_CODENAME=trusty
DISTRIB_DESCRIPTION="Ubuntu 14.04.3 LTS"

uname:Linux 3.16.0-60-generic #80~14.04.1-Ubuntu SMP Wed Jan 20 13:37:48 UTC 2016 x86_64
libc:glibc 2.19 NPTL 2.19 
rlimit: STACK 8192k, CORE 0k, NPROC 71901, NOFILE 4096, AS infinity
load average:1,53 0,99 0,89

/proc/meminfo:
MemTotal:       18428240 kB
MemFree:        11592060 kB
MemAvailable:   13126608 kB
Buffers:          165072 kB
Cached:          1775756 kB
SwapCached:            0 kB
Active:          5485360 kB
Inactive:         971880 kB
Active(anon):    4519152 kB
Inactive(anon):   279536 kB
Active(file):     966208 kB
Inactive(file):   692344 kB
Unevictable:          32 kB
Mlocked:              32 kB
SwapTotal:       4745212 kB
SwapFree:        4745212 kB
Dirty:             17140 kB
Writeback:          3880 kB
AnonPages:       4516920 kB
Mapped:           614164 kB
Shmem:            281772 kB
Slab:             129796 kB
SReclaimable:      89844 kB
SUnreclaim:        39952 kB
KernelStack:       15888 kB
PageTables:        48872 kB
NFS_Unstable:          0 kB
Bounce:                0 kB
WritebackTmp:          0 kB
CommitLimit:    13959332 kB
Committed_AS:   11930776 kB
VmallocTotal:   34359738367 kB
VmallocUsed:      382100 kB
VmallocChunk:   34359231984 kB
HardwareCorrupted:     0 kB
AnonHugePages:   1726464 kB
HugePages_Total:       0
HugePages_Free:        0
HugePages_Rsvd:        0
HugePages_Surp:        0
Hugepagesize:       2048 kB
DirectMap4k:       96156 kB
DirectMap2M:    18708480 kB


CPU:total 8 (4 cores per cpu, 2 threads per core) family 6 model 30 stepping 5, cmov, cx8, fxsr, mmx, sse, sse2, sse3, ssse3, sse4.1, sse4.2, popcnt, ht, tsc, tscinvbit

/proc/cpuinfo:
processor	: 0
vendor_id	: GenuineIntel
cpu family	: 6
model		: 30
model name	: Intel(R) Core(TM) i7 CPU       Q 720  @ 1.60GHz
stepping	: 5
microcode	: 0x5
cpu MHz		: 933.000
cache size	: 6144 KB
physical id	: 0
siblings	: 8
core id		: 0
cpu cores	: 4
apicid		: 0
initial apicid	: 0
fpu		: yes
fpu_exception	: yes
cpuid level	: 11
wp		: yes
flags		: fpu vme de pse tsc msr pae mce cx8 apic sep mtrr pge mca cmov pat pse36 clflush dts acpi mmx fxsr sse sse2 ss ht tm pbe syscall nx rdtscp lm constant_tsc arch_perfmon pebs bts rep_good nopl xtopology nonstop_tsc aperfmperf pni dtes64 monitor ds_cpl vmx smx est tm2 ssse3 cx16 xtpr pdcm sse4_1 sse4_2 popcnt lahf_lm ida dtherm tpr_shadow vnmi flexpriority ept vpid
bogomips	: 3192.17
clflush size	: 64
cache_alignment	: 64
address sizes	: 36 bits physical, 48 bits virtual
power management:

processor	: 1
vendor_id	: GenuineIntel
cpu family	: 6
model		: 30
model name	: Intel(R) Core(TM) i7 CPU       Q 720  @ 1.60GHz
stepping	: 5
microcode	: 0x5
cpu MHz		: 1600.000
cache size	: 6144 KB
physical id	: 0
siblings	: 8
core id		: 0
cpu cores	: 4
apicid		: 1
initial apicid	: 1
fpu		: yes
fpu_exception	: yes
cpuid level	: 11
wp		: yes
flags		: fpu vme de pse tsc msr pae mce cx8 apic sep mtrr pge mca cmov pat pse36 clflush dts acpi mmx fxsr sse sse2 ss ht tm pbe syscall nx rdtscp lm constant_tsc arch_perfmon pebs bts rep_good nopl xtopology nonstop_tsc aperfmperf pni dtes64 monitor ds_cpl vmx smx est tm2 ssse3 cx16 xtpr pdcm sse4_1 sse4_2 popcnt lahf_lm ida dtherm tpr_shadow vnmi flexpriority ept vpid
bogomips	: 3192.17
clflush size	: 64
cache_alignment	: 64
address sizes	: 36 bits physical, 48 bits virtual
power management:

processor	: 2
vendor_id	: GenuineIntel
cpu family	: 6
model		: 30
model name	: Intel(R) Core(TM) i7 CPU       Q 720  @ 1.60GHz
stepping	: 5
microcode	: 0x5
cpu MHz		: 933.000
cache size	: 6144 KB
physical id	: 0
siblings	: 8
core id		: 1
cpu cores	: 4
apicid		: 2
initial apicid	: 2
fpu		: yes
fpu_exception	: yes
cpuid level	: 11
wp		: yes
flags		: fpu vme de pse tsc msr pae mce cx8 apic sep mtrr pge mca cmov pat pse36 clflush dts acpi mmx fxsr sse sse2 ss ht tm pbe syscall nx rdtscp lm constant_tsc arch_perfmon pebs bts rep_good nopl xtopology nonstop_tsc aperfmperf pni dtes64 monitor ds_cpl vmx smx est tm2 ssse3 cx16 xtpr pdcm sse4_1 sse4_2 popcnt lahf_lm ida dtherm tpr_shadow vnmi flexpriority ept vpid
bogomips	: 3192.17
clflush size	: 64
cache_alignment	: 64
address sizes	: 36 bits physical, 48 bits virtual
power management:

processor	: 3
vendor_id	: GenuineIntel
cpu family	: 6
model		: 30
model name	: Intel(R) Core(TM) i7 CPU       Q 720  @ 1.60GHz
stepping	: 5
microcode	: 0x5
cpu MHz		: 933.000
cache size	: 6144 KB
physical id	: 0
siblings	: 8
core id		: 1
cpu cores	: 4
apicid		: 3
initial apicid	: 3
fpu		: yes
fpu_exception	: yes
cpuid level	: 11
wp		: yes
flags		: fpu vme de pse tsc msr pae mce cx8 apic sep mtrr pge mca cmov pat pse36 clflush dts acpi mmx fxsr sse sse2 ss ht tm pbe syscall nx rdtscp lm constant_tsc arch_perfmon pebs bts rep_good nopl xtopology nonstop_tsc aperfmperf pni dtes64 monitor ds_cpl vmx smx est tm2 ssse3 cx16 xtpr pdcm sse4_1 sse4_2 popcnt lahf_lm ida dtherm tpr_shadow vnmi flexpriority ept vpid
bogomips	: 3192.17
clflush size	: 64
cache_alignment	: 64
address sizes	: 36 bits physical, 48 bits virtual
power management:

processor	: 4
vendor_id	: GenuineIntel
cpu family	: 6
model		: 30
model name	: Intel(R) Core(TM) i7 CPU       Q 720  @ 1.60GHz
stepping	: 5
microcode	: 0x5
cpu MHz		: 933.000
cache size	: 6144 KB
physical id	: 0
siblings	: 8
core id		: 2
cpu cores	: 4
apicid		: 4
initial apicid	: 4
fpu		: yes
fpu_exception	: yes
cpuid level	: 11
wp		: yes
flags		: fpu vme de pse tsc msr pae mce cx8 apic sep mtrr pge mca cmov pat pse36 clflush dts acpi mmx fxsr sse sse2 ss ht tm pbe syscall nx rdtscp lm constant_tsc arch_perfmon pebs bts rep_good nopl xtopology nonstop_tsc aperfmperf pni dtes64 monitor ds_cpl vmx smx est tm2 ssse3 cx16 xtpr pdcm sse4_1 sse4_2 popcnt lahf_lm ida dtherm tpr_shadow vnmi flexpriority ept vpid
bogomips	: 3192.17
clflush size	: 64
cache_alignment	: 64
address sizes	: 36 bits physical, 48 bits virtual
power management:

processor	: 5
vendor_id	: GenuineIntel
cpu family	: 6
model		: 30
model name	: Intel(R) Core(TM) i7 CPU       Q 720  @ 1.60GHz
stepping	: 5
microcode	: 0x5
cpu MHz		: 933.000
cache size	: 6144 KB
physical id	: 0
siblings	: 8
core id		: 2
cpu cores	: 4
apicid		: 5
initial apicid	: 5
fpu		: yes
fpu_exception	: yes
cpuid level	: 11
wp		: yes
flags		: fpu vme de pse tsc msr pae mce cx8 apic sep mtrr pge mca cmov pat pse36 clflush dts acpi mmx fxsr sse sse2 ss ht tm pbe syscall nx rdtscp lm constant_tsc arch_perfmon pebs bts rep_good nopl xtopology nonstop_tsc aperfmperf pni dtes64 monitor ds_cpl vmx smx est tm2 ssse3 cx16 xtpr pdcm sse4_1 sse4_2 popcnt lahf_lm ida dtherm tpr_shadow vnmi flexpriority ept vpid
bogomips	: 3192.17
clflush size	: 64
cache_alignment	: 64
address sizes	: 36 bits physical, 48 bits virtual
power management:

processor	: 6
vendor_id	: GenuineIntel
cpu family	: 6
model		: 30
model name	: Intel(R) Core(TM) i7 CPU       Q 720  @ 1.60GHz
stepping	: 5
microcode	: 0x5
cpu MHz		: 1466.000
cache size	: 6144 KB
physical id	: 0
siblings	: 8
core id		: 3
cpu cores	: 4
apicid		: 6
initial apicid	: 6
fpu		: yes
fpu_exception	: yes
cpuid level	: 11
wp		: yes
flags		: fpu vme de pse tsc msr pae mce cx8 apic sep mtrr pge mca cmov pat pse36 clflush dts acpi mmx fxsr sse sse2 ss ht tm pbe syscall nx rdtscp lm constant_tsc arch_perfmon pebs bts rep_good nopl xtopology nonstop_tsc aperfmperf pni dtes64 monitor ds_cpl vmx smx est tm2 ssse3 cx16 xtpr pdcm sse4_1 sse4_2 popcnt lahf_lm ida dtherm tpr_shadow vnmi flexpriority ept vpid
bogomips	: 3192.17
clflush size	: 64
cache_alignment	: 64
address sizes	: 36 bits physical, 48 bits virtual
power management:

processor	: 7
vendor_id	: GenuineIntel
cpu family	: 6
model		: 30
model name	: Intel(R) Core(TM) i7 CPU       Q 720  @ 1.60GHz
stepping	: 5
microcode	: 0x5
cpu MHz		: 1466.000
cache size	: 6144 KB
physical id	: 0
siblings	: 8
core id		: 3
cpu cores	: 4
apicid		: 7
initial apicid	: 7
fpu		: yes
fpu_exception	: yes
cpuid level	: 11
wp		: yes
flags		: fpu vme de pse tsc msr pae mce cx8 apic sep mtrr pge mca cmov pat pse36 clflush dts acpi mmx fxsr sse sse2 ss ht tm pbe syscall nx rdtscp lm constant_tsc arch_perfmon pebs bts rep_good nopl xtopology nonstop_tsc aperfmperf pni dtes64 monitor ds_cpl vmx smx est tm2 ssse3 cx16 xtpr pdcm sse4_1 sse4_2 popcnt lahf_lm ida dtherm tpr_shadow vnmi flexpriority ept vpid
bogomips	: 3192.17
clflush size	: 64
cache_alignment	: 64
address sizes	: 36 bits physical, 48 bits virtual
power management:



Memory: 4k page, physical 18428240k(11592060k free), swap 4745212k(4745212k free)

vm_info: Java HotSpot(TM) 64-Bit Server VM (25.72-b15) for linux-amd64 JRE (1.8.0_72-b15), built on Dec 22 2015 22:00:07 by "java_re" with gcc 4.3.0 20080428 (Red Hat 4.3.0-8)

time: Sat Feb 18 00:31:13 2017
elapsed time: 512 seconds (0d 0h 8m 32s)

